1.3786 	WARNING 	We strongly recommend you activate the PTB sound engine in PsychoPy prefs as the preferred audio engine. Its timing is vastly superior. Your prefs are currently set to use ['sounddevice', 'PTB', 'pyo', 'pygame'] (in that order).
16.1823 	EXP 	Created window1 = Window(allowGUI=True, allowStencil=False, autoLog=True, backendConf=UNKNOWN, bitsMode=UNKNOWN, blendMode='avg', bpc=(8, 8, 8), color=array([0, 0, 0]), colorSpace='rgb', depthBits=8, fullscr=<method-wrapper '__getattribute__' of attributeSetter object at 0x7fe82804aac8>, gamma=None, gammaErrorPolicy='raise', lms=UNKNOWN, monitor=<psychopy.monitors.calibTools.Monitor object at 0x7fe844169b70>, multiSample=False, name='window1', numSamples=2, pos=[540.0, 325.0], screen=0, size=array([2400, 1600]), stencilBits=0, stereo=False, units='height', useFBO=True, useRetina=True, viewOri=0.0, viewPos=None, viewScale=None, waitBlanking=True, winType='pyglet')
16.1830 	EXP 	window1: mouseVisible = True
16.1831 	EXP 	window1: recordFrameIntervals = False
16.2647 	EXP 	window1: recordFrameIntervals = True
16.2975 	WARNING 	t of last frame was 10.13ms (=1/98)
16.3641 	WARNING 	t of last frame was 10.29ms (=1/97)
16.3808 	WARNING 	t of last frame was 10.19ms (=1/98)
16.4723 	EXP 	window1: recordFrameIntervals = False
17.3985 	EXP 	Created starttext = TextStim(__class__=<class 'psychopy.visual.text.TextStim'>, alignHoriz=method-wrapper(...), alignText='center', alignVert=method-wrapper(...), anchorHoriz='center', anchorVert='center', antialias=True, autoLog=True, bold=False, color=array([1., 1., 1.]), colorSpace='rgb', contrast=1.0, depth=0.0, flipHoriz=False, flipVert=False, font='Open Sans', fontFiles=[], height=0.1, italic=False, languageStyle='LTR', name='starttext', opacity=1, ori=0.0, pos=array([0., 0.]), rgb=UNKNOWN, text=str(...), units='height', win=Window(...), wrapWidth=1)
17.4057 	EXP 	Created russellsQuad = ImageStim(__class__=<class 'psychopy.visual.image.ImageStim'>, autoLog=True, color=array([1., 1., 1.]), colorSpace='rgb', contrast=1.0, depth=-1.0, flipHoriz=False, flipVert=False, image='sin', interpolate=True, mask=None, maskParams=None, name='russellsQuad', opacity=1, ori=0.0, pos=array([0., 0.]), size=array([0.9, 0.9]), texRes=128.0, units='height', win=Window(...))
17.5114 	EXP 	Sound music set volume 1.000
17.5117 	EXP 	window1: mouseVisible = True
17.5179 	EXP 	Created fixCross = TextStim(__class__=<class 'psychopy.visual.text.TextStim'>, alignHoriz=method-wrapper(...), alignText='center', alignVert=method-wrapper(...), anchorHoriz='center', anchorVert='center', antialias=True, autoLog=True, bold=False, color=array([1., 1., 1.]), colorSpace='rgb', contrast=1.0, depth=0.0, flipHoriz=False, flipVert=False, font='Open Sans', fontFiles=[], height=0.1, italic=False, languageStyle='LTR', name='fixCross', opacity=1, ori=0.0, pos=array([0., 0.]), rgb=UNKNOWN, text='+', units='height', win=Window(...), wrapWidth=1)
17.5211 	EXP 	Created goodbyetext = TextStim(__class__=<class 'psychopy.visual.text.TextStim'>, alignHoriz=method-wrapper(...), alignText='center', alignVert=method-wrapper(...), anchorHoriz='center', anchorVert='center', antialias=True, autoLog=True, bold=False, color=array([1., 1., 1.]), colorSpace='rgb', contrast=1.0, depth=0.0, flipHoriz=False, flipVert=False, font='Open Sans', fontFiles=[], height=0.1, italic=False, languageStyle='LTR', name='goodbyetext', opacity=1, ori=0.0, pos=array([0., 0.]), rgb=UNKNOWN, text='Terminado.', units='height', win=Window(...), wrapWidth=1)
17.5371 	EXP 	starttext: autoDraw = True
19.5245 	EXP 	Created sequence: random, trialTypes=1, nReps=24, seed=None
19.5248 	EXP 	New trial (rep=0, index=0): None
20.0076 	EXP 	starttext: autoDraw = False
20.0076 	EXP 	russellsQuad: image = 'Russells-emotion-model.jpg'
20.0076 	EXP 	russellsQuad: autoDraw = True
38.1915 	DATA 	Mouse: Left button down, pos=(675,315)
38.1923 	DATA 	[ 0.09375 -0.10625]
38.2030 	EXP 	russellsQuad: autoDraw = False
38.2030 	EXP 	fixCross: autoDraw = True
38.2602 	DATA 	Mouse:  Left button up, pos=(675,315)
40.1990 	EXP 	New trial (rep=1, index=0): None
40.5885 	EXP 	fixCross: autoDraw = False
40.5885 	EXP 	russellsQuad: image = 'Russells-emotion-model.jpg'
40.5885 	EXP 	russellsQuad: autoDraw = True
56.1118 	DATA 	Mouse: Left button down, pos=(562,558)
56.1128 	DATA 	[-0.0475  0.1975]
56.1247 	EXP 	russellsQuad: autoDraw = False
56.1247 	EXP 	fixCross: autoDraw = True
56.2283 	DATA 	Mouse:  Left button up, pos=(562,558)
58.1182 	EXP 	New trial (rep=2, index=0): None
58.5653 	EXP 	fixCross: autoDraw = False
58.5653 	EXP 	fixCross: autoDraw = False
58.5653 	EXP 	russellsQuad: image = 'Russells-emotion-model.jpg'
58.5653 	EXP 	russellsQuad: autoDraw = True
71.0661 	DATA 	Mouse: Left button down, pos=(704,550)
71.0669 	DATA 	[0.13   0.1875]
71.0787 	EXP 	russellsQuad: autoDraw = False
71.0787 	EXP 	fixCross: autoDraw = True
71.1529 	DATA 	Mouse:  Left button up, pos=(704,550)
73.0783 	EXP 	New trial (rep=3, index=0): None
73.5201 	EXP 	fixCross: autoDraw = False
73.5201 	EXP 	russellsQuad: image = 'Russells-emotion-model.jpg'
73.5201 	EXP 	russellsQuad: autoDraw = True
85.9021 	DATA 	Mouse: Left button down, pos=(703,242)
85.9029 	DATA 	[ 0.12875 -0.1975 ]
85.9162 	EXP 	russellsQuad: autoDraw = False
85.9162 	EXP 	fixCross: autoDraw = True
85.9609 	DATA 	Mouse:  Left button up, pos=(703,242)
87.9150 	EXP 	New trial (rep=4, index=0): None
88.3344 	EXP 	fixCross: autoDraw = False
88.3344 	EXP 	russellsQuad: image = 'Russells-emotion-model.jpg'
88.3344 	EXP 	russellsQuad: autoDraw = True
100.5857 	DATA 	Mouse: Left button down, pos=(749,631)
100.5867 	DATA 	[0.18625 0.28875]
100.5996 	EXP 	russellsQuad: autoDraw = False
100.5996 	EXP 	fixCross: autoDraw = True
100.6807 	DATA 	Mouse:  Left button up, pos=(749,631)
102.6232 	EXP 	New trial (rep=5, index=0): None
103.0997 	EXP 	fixCross: autoDraw = False
103.0997 	EXP 	russellsQuad: image = 'Russells-emotion-model.jpg'
103.0997 	EXP 	russellsQuad: autoDraw = True
115.6047 	DATA 	Mouse: Left button down, pos=(672,635)
115.6061 	DATA 	[0.09    0.29375]
115.6178 	EXP 	russellsQuad: autoDraw = False
115.6178 	EXP 	fixCross: autoDraw = True
115.7022 	DATA 	Mouse:  Left button up, pos=(672,635)
117.6159 	EXP 	New trial (rep=6, index=0): None
118.0322 	EXP 	fixCross: autoDraw = False
118.0322 	EXP 	russellsQuad: image = 'Russells-emotion-model.jpg'
118.0322 	EXP 	russellsQuad: autoDraw = True
132.8099 	DATA 	Mouse: Left button down, pos=(668,657)
132.8107 	DATA 	[0.085   0.32125]
132.8222 	EXP 	russellsQuad: autoDraw = False
132.8222 	EXP 	fixCross: autoDraw = True
132.8840 	DATA 	Mouse:  Left button up, pos=(668,657)
134.8154 	EXP 	New trial (rep=7, index=0): None
135.2292 	EXP 	fixCross: autoDraw = False
135.2292 	EXP 	fixCross: autoDraw = False
135.2292 	EXP 	russellsQuad: image = 'Russells-emotion-model.jpg'
135.2292 	EXP 	russellsQuad: autoDraw = True
147.9015 	DATA 	Mouse: Left button down, pos=(765,549)
147.9028 	DATA 	[0.20625 0.18625]
147.9161 	EXP 	russellsQuad: autoDraw = False
147.9161 	EXP 	fixCross: autoDraw = True
148.0272 	DATA 	Mouse:  Left button up, pos=(765,549)
149.9145 	EXP 	New trial (rep=8, index=0): None
150.3393 	EXP 	fixCross: autoDraw = False
150.3393 	EXP 	russellsQuad: image = 'Russells-emotion-model.jpg'
150.3393 	EXP 	russellsQuad: autoDraw = True
162.6276 	DATA 	Mouse: Left button down, pos=(716,490)
162.6408 	DATA 	[0.145  0.1125]
162.6564 	EXP 	russellsQuad: autoDraw = False
162.6564 	EXP 	fixCross: autoDraw = True
162.7258 	DATA 	Mouse:  Left button up, pos=(716,490)
164.6512 	EXP 	New trial (rep=9, index=0): None
165.0813 	EXP 	fixCross: autoDraw = False
165.0813 	EXP 	russellsQuad: image = 'Russells-emotion-model.jpg'
165.0813 	EXP 	russellsQuad: autoDraw = True
179.4418 	DATA 	Mouse: Left button down, pos=(614,461)
179.4533 	DATA 	[0.0175  0.07625]
179.4650 	EXP 	russellsQuad: autoDraw = False
179.4650 	EXP 	fixCross: autoDraw = True
179.5183 	DATA 	Mouse:  Left button up, pos=(614,461)
181.4580 	EXP 	New trial (rep=10, index=0): None
181.8833 	EXP 	fixCross: autoDraw = False
181.8833 	EXP 	fixCross: autoDraw = False
181.8833 	EXP 	russellsQuad: image = 'Russells-emotion-model.jpg'
181.8833 	EXP 	russellsQuad: autoDraw = True
194.2072 	DATA 	Mouse: Left button down, pos=(676,226)
194.2082 	DATA 	[ 0.095  -0.2175]
194.2197 	EXP 	russellsQuad: autoDraw = False
194.2197 	EXP 	fixCross: autoDraw = True
194.2885 	DATA 	Mouse:  Left button up, pos=(676,226)
196.2144 	EXP 	New trial (rep=11, index=0): None
196.6441 	EXP 	fixCross: autoDraw = False
196.6441 	EXP 	russellsQuad: image = 'Russells-emotion-model.jpg'
196.6441 	EXP 	russellsQuad: autoDraw = True
210.8560 	DATA 	Mouse: Left button down, pos=(767,444)
210.8568 	DATA 	[0.20875 0.055  ]
210.8682 	EXP 	russellsQuad: autoDraw = False
210.8682 	EXP 	fixCross: autoDraw = True
210.9926 	DATA 	Mouse:  Left button up, pos=(767,444)
212.8636 	EXP 	New trial (rep=12, index=0): None
213.2868 	EXP 	fixCross: autoDraw = False
213.2868 	EXP 	russellsQuad: image = 'Russells-emotion-model.jpg'
213.2868 	EXP 	russellsQuad: autoDraw = True
225.7049 	DATA 	Mouse: Left button down, pos=(716,491)
225.7064 	DATA 	[0.145   0.11375]
225.7229 	EXP 	russellsQuad: autoDraw = False
225.7229 	EXP 	fixCross: autoDraw = True
225.8046 	DATA 	Mouse:  Left button up, pos=(717,491)
227.7153 	EXP 	New trial (rep=13, index=0): None
228.1798 	EXP 	fixCross: autoDraw = False
228.1798 	EXP 	russellsQuad: image = 'Russells-emotion-model.jpg'
228.1798 	EXP 	russellsQuad: autoDraw = True
240.5635 	DATA 	Mouse: Left button down, pos=(655,435)
240.5762 	DATA 	[0.06875 0.04375]
240.5883 	EXP 	russellsQuad: autoDraw = False
240.5883 	EXP 	fixCross: autoDraw = True
240.6422 	DATA 	Mouse:  Left button up, pos=(655,435)
242.5891 	EXP 	New trial (rep=14, index=0): None
243.0201 	EXP 	fixCross: autoDraw = False
243.0201 	EXP 	russellsQuad: image = 'Russells-emotion-model.jpg'
243.0201 	EXP 	russellsQuad: autoDraw = True
256.3652 	DATA 	Mouse: Left button down, pos=(618,168)
256.3661 	DATA 	[ 0.0225 -0.29  ]
256.3782 	EXP 	russellsQuad: autoDraw = False
256.3782 	EXP 	fixCross: autoDraw = True
256.4635 	DATA 	Mouse:  Left button up, pos=(618,168)
258.3724 	EXP 	New trial (rep=15, index=0): None
258.7921 	EXP 	fixCross: autoDraw = False
258.7921 	EXP 	fixCross: autoDraw = False
258.7921 	EXP 	russellsQuad: image = 'Russells-emotion-model.jpg'
258.7921 	EXP 	russellsQuad: autoDraw = True
271.4368 	DATA 	Mouse: Left button down, pos=(784,435)
271.4379 	DATA 	[0.23    0.04375]
271.4515 	EXP 	russellsQuad: autoDraw = False
271.4515 	EXP 	fixCross: autoDraw = True
271.5594 	DATA 	Mouse:  Left button up, pos=(784,435)
273.4557 	EXP 	New trial (rep=16, index=0): None
273.8750 	EXP 	fixCross: autoDraw = False
273.8750 	EXP 	russellsQuad: image = 'Russells-emotion-model.jpg'
273.8750 	EXP 	russellsQuad: autoDraw = True
286.1849 	DATA 	Mouse: Left button down, pos=(710,466)
286.1860 	DATA 	[0.1375 0.0825]
286.1984 	EXP 	russellsQuad: autoDraw = False
286.1984 	EXP 	fixCross: autoDraw = True
286.2421 	DATA 	Mouse: Right button down, pos=(710,466)
286.3269 	DATA 	Mouse:  Left button up, pos=(710,466)
286.3273 	DATA 	Mouse:  Right button up, pos=(710,466)
288.1903 	EXP 	New trial (rep=17, index=0): None
288.6248 	EXP 	fixCross: autoDraw = False
288.6248 	EXP 	fixCross: autoDraw = False
288.6248 	EXP 	russellsQuad: image = 'Russells-emotion-model.jpg'
288.6248 	EXP 	russellsQuad: autoDraw = True
304.4465 	DATA 	Mouse: Left button down, pos=(722,329)
304.4473 	DATA 	[ 0.1525  -0.08875]
304.4601 	EXP 	russellsQuad: autoDraw = False
304.4601 	EXP 	fixCross: autoDraw = True
304.5569 	DATA 	Mouse:  Left button up, pos=(722,329)
306.4590 	EXP 	New trial (rep=18, index=0): None
306.9299 	EXP 	fixCross: autoDraw = False
306.9299 	EXP 	russellsQuad: image = 'Russells-emotion-model.jpg'
306.9299 	EXP 	russellsQuad: autoDraw = True
320.8982 	DATA 	Mouse: Left button down, pos=(766,247)
320.8992 	DATA 	[ 0.2075  -0.19125]
320.9124 	EXP 	russellsQuad: autoDraw = False
320.9124 	EXP 	fixCross: autoDraw = True
320.9944 	DATA 	Mouse:  Left button up, pos=(768,247)
322.9074 	EXP 	New trial (rep=19, index=0): None
323.3514 	EXP 	fixCross: autoDraw = False
323.3514 	EXP 	russellsQuad: image = 'Russells-emotion-model.jpg'
323.3514 	EXP 	russellsQuad: autoDraw = True
335.7275 	DATA 	Mouse: Right button down, pos=(726,308)
335.7283 	DATA 	[ 0.1575 -0.115 ]
335.7434 	EXP 	russellsQuad: autoDraw = False
335.7434 	EXP 	fixCross: autoDraw = True
335.7797 	DATA 	Mouse: Left button down, pos=(726,308)
335.8720 	DATA 	Mouse:  Right button up, pos=(726,308)
335.9241 	DATA 	Mouse:  Left button up, pos=(726,308)
337.7407 	EXP 	New trial (rep=20, index=0): None
338.1654 	EXP 	fixCross: autoDraw = False
338.1654 	EXP 	russellsQuad: image = 'Russells-emotion-model.jpg'
338.1654 	EXP 	russellsQuad: autoDraw = True
351.3284 	DATA 	Mouse: Left button down, pos=(640,372)
351.3294 	DATA 	[ 0.05  -0.035]
351.3425 	EXP 	russellsQuad: autoDraw = False
351.3425 	EXP 	fixCross: autoDraw = True
351.4614 	DATA 	Mouse:  Left button up, pos=(640,372)
353.3396 	EXP 	New trial (rep=21, index=0): None
353.7709 	EXP 	fixCross: autoDraw = False
353.7709 	EXP 	russellsQuad: image = 'Russells-emotion-model.jpg'
353.7709 	EXP 	russellsQuad: autoDraw = True
395.4726 	DATA 	Mouse: Left button down, pos=(699,357)
395.4844 	DATA 	[ 0.12375 -0.05375]
395.4968 	EXP 	russellsQuad: autoDraw = False
395.4968 	EXP 	fixCross: autoDraw = True
395.5734 	DATA 	Mouse:  Left button up, pos=(699,357)
397.4946 	EXP 	New trial (rep=22, index=0): None
397.9122 	EXP 	fixCross: autoDraw = False
397.9122 	EXP 	russellsQuad: image = 'Russells-emotion-model.jpg'
397.9122 	EXP 	russellsQuad: autoDraw = True
422.9513 	DATA 	Mouse: Left button down, pos=(647,295)
422.9524 	DATA 	[ 0.05875 -0.13125]
422.9649 	EXP 	russellsQuad: autoDraw = False
422.9649 	EXP 	fixCross: autoDraw = True
423.0413 	DATA 	Mouse:  Left button up, pos=(647,295)
424.9703 	EXP 	New trial (rep=23, index=0): None
425.4507 	EXP 	fixCross: autoDraw = False
425.4507 	EXP 	russellsQuad: image = 'Russells-emotion-model.jpg'
425.4507 	EXP 	russellsQuad: autoDraw = True
438.4659 	DATA 	Mouse: Left button down, pos=(692,193)
438.4668 	DATA 	[ 0.115   -0.25875]
438.4797 	EXP 	russellsQuad: autoDraw = False
438.4797 	EXP 	fixCross: autoDraw = True
438.5447 	DATA 	Mouse:  Left button up, pos=(692,193)
440.4845 	EXP 	fixCross: autoDraw = False
440.4845 	EXP 	fixCross: autoDraw = False
440.4845 	EXP 	goodbyetext: autoDraw = True
442.4844 	EXP 	goodbyetext: autoDraw = False
442.5088 	EXP 	window1: mouseVisible = True
