0.9977 	WARNING 	We strongly recommend you activate the PTB sound engine in PsychoPy prefs as the preferred audio engine. Its timing is vastly superior. Your prefs are currently set to use ['sounddevice', 'PTB', 'pyo', 'pygame'] (in that order).
22.4603 	WARNING 	Couldn't measure a consistent frame rate.
  - Is your graphics card set to sync to vertical blank?
  - Are you running other processes on your computer?

22.4622 	EXP 	Created window1 = Window(allowGUI=False, allowStencil=False, autoLog=True, backendConf=UNKNOWN, bitsMode=UNKNOWN, blendMode='avg', bpc=(8, 8, 8), color=array([0, 0, 0]), colorSpace='rgb', depthBits=8, fullscr=<method-wrapper '__getattribute__' of attributeSetter object at 0x7fe39b38aac8>, gamma=None, gammaErrorPolicy='raise', lms=UNKNOWN, monitor=<psychopy.monitors.calibTools.Monitor object at 0x7fe3b7a75b38>, multiSample=False, name='window1', numSamples=2, pos=[420.0, 262.5], screen=0, size=array([3360, 2100]), stencilBits=0, stereo=False, units='height', useFBO=True, useRetina=True, viewOri=0.0, viewPos=None, viewScale=None, waitBlanking=True, winType='pyglet')
22.4628 	EXP 	window1: mouseVisible = True
22.4629 	EXP 	window1: recordFrameIntervals = False
22.6177 	EXP 	window1: recordFrameIntervals = True
23.5958 	WARNING 	t of last frame was 25.18ms (=1/39)
23.6957 	WARNING 	t of last frame was 25.21ms (=1/39)
23.7960 	WARNING 	t of last frame was 25.24ms (=1/39)
24.0125 	WARNING 	t of last frame was 23.32ms (=1/42)
24.1301 	WARNING 	Couldn't measure a consistent frame rate.
  - Is your graphics card set to sync to vertical blank?
  - Are you running other processes on your computer?

25.1732 	EXP 	Created starttext = TextStim(__class__=<class 'psychopy.visual.text.TextStim'>, alignHoriz=method-wrapper(...), alignText='center', alignVert=method-wrapper(...), anchorHoriz='center', anchorVert='center', antialias=True, autoLog=True, bold=False, color=array([1., 1., 1.]), colorSpace='rgb', contrast=1.0, depth=0.0, flipHoriz=False, flipVert=False, font='Open Sans', fontFiles=[], height=0.1, italic=False, languageStyle='LTR', name='starttext', opacity=1, ori=0.0, pos=array([0., 0.]), rgb=UNKNOWN, text=str(...), units='height', win=Window(...), wrapWidth=1)
25.1775 	EXP 	Created russellsQuad = ImageStim(__class__=<class 'psychopy.visual.image.ImageStim'>, autoLog=True, color=array([1., 1., 1.]), colorSpace='rgb', contrast=1.0, depth=-1.0, flipHoriz=False, flipVert=False, image='sin', interpolate=True, mask=None, maskParams=None, name='russellsQuad', opacity=1, ori=0.0, pos=array([0., 0.]), size=array([0.9, 0.9]), texRes=128.0, units='height', win=Window(...))
25.2748 	EXP 	Sound music set volume 1.000
25.2750 	EXP 	window1: mouseVisible = True
25.2798 	EXP 	Created fixCross = TextStim(__class__=<class 'psychopy.visual.text.TextStim'>, alignHoriz=method-wrapper(...), alignText='center', alignVert=method-wrapper(...), anchorHoriz='center', anchorVert='center', antialias=True, autoLog=True, bold=False, color=array([1., 1., 1.]), colorSpace='rgb', contrast=1.0, depth=0.0, flipHoriz=False, flipVert=False, font='Open Sans', fontFiles=[], height=0.1, italic=False, languageStyle='LTR', name='fixCross', opacity=1, ori=0.0, pos=array([0., 0.]), rgb=UNKNOWN, text='+', units='height', win=Window(...), wrapWidth=1)
25.2836 	EXP 	Created goodbyetext = TextStim(__class__=<class 'psychopy.visual.text.TextStim'>, alignHoriz=method-wrapper(...), alignText='center', alignVert=method-wrapper(...), anchorHoriz='center', anchorVert='center', antialias=True, autoLog=True, bold=False, color=array([1., 1., 1.]), colorSpace='rgb', contrast=1.0, depth=0.0, flipHoriz=False, flipVert=False, font='Open Sans', fontFiles=[], height=0.1, italic=False, languageStyle='LTR', name='goodbyetext', opacity=1, ori=0.0, pos=array([0., 0.]), rgb=UNKNOWN, text='Terminado.', units='height', win=Window(...), wrapWidth=1)
25.3055 	WARNING 	Multiple dropped frames have occurred - I'll stop bothering you about them!
25.3054 	EXP 	starttext: autoDraw = True
27.3042 	EXP 	Created sequence: random, trialTypes=1, nReps=24, seed=None
27.3048 	EXP 	New trial (rep=0, index=0): None
27.7672 	EXP 	starttext: autoDraw = False
27.7672 	EXP 	russellsQuad: image = 'Russells-emotion-model.jpg'
27.7672 	EXP 	russellsQuad: autoDraw = True
37.6344 	DATA 	Mouse: Left button down, pos=(1031,555)
37.6351 	DATA 	[0.18190476 0.02857143]
37.6516 	EXP 	russellsQuad: autoDraw = False
37.6516 	EXP 	fixCross: autoDraw = True
37.7681 	DATA 	Mouse:  Left button up, pos=(1031,555)
39.6445 	EXP 	New trial (rep=1, index=0): None
40.0992 	EXP 	fixCross: autoDraw = False
40.0992 	EXP 	russellsQuad: image = 'Russells-emotion-model.jpg'
40.0992 	EXP 	russellsQuad: autoDraw = True
50.4552 	DATA 	Mouse: Left button down, pos=(1060,559)
50.4749 	DATA 	[0.20952381 0.03238095]
50.4924 	EXP 	russellsQuad: autoDraw = False
50.4924 	EXP 	fixCross: autoDraw = True
50.5993 	DATA 	Mouse:  Left button up, pos=(1060,559)
52.4962 	EXP 	New trial (rep=2, index=0): None
52.9593 	EXP 	fixCross: autoDraw = False
52.9593 	EXP 	russellsQuad: image = 'Russells-emotion-model.jpg'
52.9593 	EXP 	russellsQuad: autoDraw = True
61.6170 	DATA 	Mouse: Left button down, pos=(951,837)
61.6178 	DATA 	[0.10571429 0.29714286]
61.6341 	EXP 	russellsQuad: autoDraw = False
61.6341 	EXP 	fixCross: autoDraw = True
61.7554 	DATA 	Mouse:  Left button up, pos=(951,837)
63.6284 	EXP 	New trial (rep=3, index=0): None
64.1073 	EXP 	fixCross: autoDraw = False
64.1073 	EXP 	russellsQuad: image = 'Russells-emotion-model.jpg'
64.1073 	EXP 	russellsQuad: autoDraw = True
76.4833 	DATA 	Mouse: Left button down, pos=(940,562)
76.4846 	DATA 	[0.0952381 0.0352381]
76.5032 	EXP 	russellsQuad: autoDraw = False
76.5032 	EXP 	fixCross: autoDraw = True
76.5803 	DATA 	Mouse:  Left button up, pos=(940,561)
78.4977 	EXP 	New trial (rep=4, index=0): None
78.9486 	EXP 	fixCross: autoDraw = False
78.9486 	EXP 	russellsQuad: image = 'Russells-emotion-model.jpg'
78.9486 	EXP 	russellsQuad: autoDraw = True
87.3230 	DATA 	Mouse: Left button down, pos=(637,835)
87.3240 	DATA 	[-0.19333333  0.2952381 ]
87.3409 	EXP 	russellsQuad: autoDraw = False
87.3409 	EXP 	fixCross: autoDraw = True
87.4811 	DATA 	Mouse:  Left button up, pos=(637,835)
89.3368 	EXP 	New trial (rep=5, index=0): None
89.8317 	EXP 	fixCross: autoDraw = False
89.8317 	EXP 	russellsQuad: image = 'Russells-emotion-model.jpg'
89.8317 	EXP 	russellsQuad: autoDraw = True
101.8152 	DATA 	Mouse: Left button down, pos=(1105,757)
101.8162 	DATA 	[0.25238095 0.22095238]
101.8341 	EXP 	russellsQuad: autoDraw = False
101.8341 	EXP 	fixCross: autoDraw = True
101.9225 	DATA 	Mouse:  Left button up, pos=(1105,757)
103.8231 	EXP 	New trial (rep=6, index=0): None
104.3317 	EXP 	fixCross: autoDraw = False
104.3317 	EXP 	russellsQuad: image = 'Russells-emotion-model.jpg'
104.3317 	EXP 	russellsQuad: autoDraw = True
113.2034 	DATA 	Mouse: Left button down, pos=(1124,589)
113.2042 	DATA 	[0.27047619 0.06095238]
113.2211 	EXP 	russellsQuad: autoDraw = False
113.2211 	EXP 	fixCross: autoDraw = True
113.3614 	DATA 	Mouse:  Left button up, pos=(1124,589)
115.2130 	EXP 	New trial (rep=7, index=0): None
115.8579 	EXP 	fixCross: autoDraw = False
115.8579 	EXP 	russellsQuad: image = 'Russells-emotion-model.jpg'
115.8579 	EXP 	russellsQuad: autoDraw = True
120.9356 	DATA 	Mouse: Left button down, pos=(1096,828)
120.9364 	DATA 	[0.24380952 0.28857143]
120.9530 	EXP 	russellsQuad: autoDraw = False
120.9530 	EXP 	fixCross: autoDraw = True
121.0426 	DATA 	Mouse:  Left button up, pos=(1096,828)
122.9454 	EXP 	New trial (rep=8, index=0): None
123.4632 	EXP 	fixCross: autoDraw = False
123.4632 	EXP 	russellsQuad: image = 'Russells-emotion-model.jpg'
123.4632 	EXP 	russellsQuad: autoDraw = True
133.3168 	DATA 	Mouse: Left button down, pos=(797,260)
133.3177 	DATA 	[-0.04095238 -0.25238095]
133.3339 	EXP 	russellsQuad: autoDraw = False
133.3339 	EXP 	fixCross: autoDraw = True
133.4537 	DATA 	Mouse:  Left button up, pos=(797,260)
135.3285 	EXP 	New trial (rep=9, index=0): None
135.7945 	EXP 	fixCross: autoDraw = False
135.7945 	EXP 	russellsQuad: image = 'Russells-emotion-model.jpg'
135.7945 	EXP 	russellsQuad: autoDraw = True
145.3492 	DATA 	Mouse: Left button down, pos=(554,819)
145.3503 	DATA 	[-0.27238095  0.28      ]
145.3675 	EXP 	russellsQuad: autoDraw = False
145.3675 	EXP 	fixCross: autoDraw = True
145.4664 	DATA 	Mouse:  Left button up, pos=(554,819)
147.3620 	EXP 	New trial (rep=10, index=0): None
147.9018 	EXP 	fixCross: autoDraw = False
147.9018 	EXP 	russellsQuad: image = 'Russells-emotion-model.jpg'
147.9018 	EXP 	russellsQuad: autoDraw = True
158.5860 	DATA 	Mouse: Left button down, pos=(955,566)
158.5869 	DATA 	[0.10952381 0.03904762]
158.6061 	EXP 	russellsQuad: autoDraw = False
158.6061 	EXP 	fixCross: autoDraw = True
158.6969 	DATA 	Mouse:  Left button up, pos=(952,563)
160.6056 	EXP 	New trial (rep=11, index=0): None
161.0735 	EXP 	fixCross: autoDraw = False
161.0735 	EXP 	russellsQuad: image = 'Russells-emotion-model.jpg'
161.0735 	EXP 	russellsQuad: autoDraw = True
172.5613 	DATA 	Mouse: Left button down, pos=(1107,637)
172.5624 	DATA 	[0.25428571 0.10666667]
172.5798 	EXP 	russellsQuad: autoDraw = False
172.5798 	EXP 	fixCross: autoDraw = True
172.6888 	DATA 	Mouse:  Left button up, pos=(1107,637)
174.5774 	EXP 	New trial (rep=12, index=0): None
175.0680 	EXP 	fixCross: autoDraw = False
175.0680 	EXP 	russellsQuad: image = 'Russells-emotion-model.jpg'
175.0680 	EXP 	russellsQuad: autoDraw = True
184.2292 	DATA 	Mouse: Left button down, pos=(567,827)
184.2303 	DATA 	[-0.26        0.28761905]
184.2473 	EXP 	russellsQuad: autoDraw = False
184.2473 	EXP 	fixCross: autoDraw = True
184.3041 	DATA 	Mouse:  Left button up, pos=(567,826)
186.2353 	EXP 	New trial (rep=13, index=0): None
186.7622 	EXP 	fixCross: autoDraw = False
186.7622 	EXP 	fixCross: autoDraw = False
186.7622 	EXP 	russellsQuad: image = 'Russells-emotion-model.jpg'
186.7622 	EXP 	russellsQuad: autoDraw = True
200.3951 	DATA 	Mouse: Left button down, pos=(907,233)
200.3959 	DATA 	[ 0.06380952 -0.27809524]
200.4126 	EXP 	russellsQuad: autoDraw = False
200.4126 	EXP 	fixCross: autoDraw = True
200.4845 	DATA 	Mouse:  Left button up, pos=(907,233)
202.4041 	EXP 	New trial (rep=14, index=0): None
202.8770 	EXP 	fixCross: autoDraw = False
202.8770 	EXP 	russellsQuad: image = 'Russells-emotion-model.jpg'
202.8770 	EXP 	russellsQuad: autoDraw = True
212.9873 	DATA 	Mouse: Left button down, pos=(1121,316)
212.9884 	DATA 	[ 0.26761905 -0.19904762]
213.0052 	EXP 	russellsQuad: autoDraw = False
213.0052 	EXP 	fixCross: autoDraw = True
213.0962 	DATA 	Mouse:  Left button up, pos=(1121,316)
214.9942 	EXP 	New trial (rep=15, index=0): None
215.5309 	EXP 	fixCross: autoDraw = False
215.5309 	EXP 	fixCross: autoDraw = False
215.5309 	EXP 	russellsQuad: image = 'Russells-emotion-model.jpg'
215.5309 	EXP 	russellsQuad: autoDraw = True
228.5793 	DATA 	Mouse: Left button down, pos=(894,611)
228.5802 	DATA 	[0.05142857 0.08190476]
228.5966 	EXP 	russellsQuad: autoDraw = False
228.5966 	EXP 	fixCross: autoDraw = True
228.6692 	DATA 	Mouse:  Left button up, pos=(894,612)
230.5869 	EXP 	New trial (rep=16, index=0): None
231.0781 	EXP 	fixCross: autoDraw = False
231.0781 	EXP 	russellsQuad: image = 'Russells-emotion-model.jpg'
231.0781 	EXP 	russellsQuad: autoDraw = True
243.7860 	DATA 	Mouse: Left button down, pos=(776,272)
243.7870 	DATA 	[-0.06095238 -0.24095238]
243.8038 	EXP 	russellsQuad: autoDraw = False
243.8038 	EXP 	fixCross: autoDraw = True
243.9266 	DATA 	Mouse:  Left button up, pos=(776,272)
245.7931 	EXP 	New trial (rep=17, index=0): None
246.2617 	EXP 	fixCross: autoDraw = False
246.2617 	EXP 	fixCross: autoDraw = False
246.2617 	EXP 	russellsQuad: image = 'Russells-emotion-model.jpg'
246.2617 	EXP 	russellsQuad: autoDraw = True
258.8919 	DATA 	Mouse: Left button down, pos=(1098,612)
258.8938 	DATA 	[0.24571429 0.08285714]
258.9123 	EXP 	russellsQuad: autoDraw = False
258.9123 	EXP 	fixCross: autoDraw = True
259.0014 	DATA 	Mouse:  Left button up, pos=(1098,612)
260.9124 	EXP 	New trial (rep=18, index=0): None
261.4077 	EXP 	fixCross: autoDraw = False
261.4077 	EXP 	russellsQuad: image = 'Russells-emotion-model.jpg'
261.4077 	EXP 	russellsQuad: autoDraw = True
274.7454 	DATA 	Mouse: Left button down, pos=(905,408)
274.7668 	DATA 	[ 0.06190476 -0.11333333]
274.7850 	EXP 	russellsQuad: autoDraw = False
274.7850 	EXP 	fixCross: autoDraw = True
274.8606 	DATA 	Mouse:  Left button up, pos=(903,404)
276.7752 	EXP 	New trial (rep=19, index=0): None
277.2436 	EXP 	fixCross: autoDraw = False
277.2436 	EXP 	russellsQuad: image = 'Russells-emotion-model.jpg'
277.2436 	EXP 	russellsQuad: autoDraw = True
287.6666 	DATA 	Mouse: Left button down, pos=(914,185)
287.6675 	DATA 	[ 0.07047619 -0.32380952]
287.6869 	EXP 	russellsQuad: autoDraw = False
287.6869 	EXP 	fixCross: autoDraw = True
287.7470 	DATA 	Mouse:  Left button up, pos=(914,185)
289.6836 	EXP 	New trial (rep=20, index=0): None
290.1939 	EXP 	fixCross: autoDraw = False
290.1939 	EXP 	russellsQuad: image = 'Russells-emotion-model.jpg'
290.1939 	EXP 	russellsQuad: autoDraw = True
304.4763 	DATA 	Mouse: Left button down, pos=(918,728)
304.4773 	DATA 	[0.07428571 0.19333333]
304.4943 	EXP 	russellsQuad: autoDraw = False
304.4943 	EXP 	fixCross: autoDraw = True
304.5862 	DATA 	Mouse:  Left button up, pos=(919,727)
306.4933 	EXP 	New trial (rep=21, index=0): None
306.9765 	EXP 	fixCross: autoDraw = False
306.9765 	EXP 	russellsQuad: image = 'Russells-emotion-model.jpg'
306.9765 	EXP 	russellsQuad: autoDraw = True
319.4496 	DATA 	Mouse: Left button down, pos=(566,766)
319.4504 	DATA 	[-0.26095238  0.22952381]
319.4681 	EXP 	russellsQuad: autoDraw = False
319.4681 	EXP 	fixCross: autoDraw = True
319.5761 	DATA 	Mouse:  Left button up, pos=(566,766)
321.4613 	EXP 	New trial (rep=22, index=0): None
321.9269 	EXP 	fixCross: autoDraw = False
321.9269 	EXP 	russellsQuad: image = 'Russells-emotion-model.jpg'
321.9269 	EXP 	russellsQuad: autoDraw = True
329.8545 	DATA 	Mouse: Left button down, pos=(1021,723)
329.8553 	DATA 	[0.17238095 0.18857143]
329.8728 	EXP 	russellsQuad: autoDraw = False
329.8728 	EXP 	fixCross: autoDraw = True
329.9855 	DATA 	Mouse:  Left button up, pos=(1021,723)
331.8642 	EXP 	New trial (rep=23, index=0): None
332.4228 	EXP 	fixCross: autoDraw = False
332.4228 	EXP 	russellsQuad: image = 'Russells-emotion-model.jpg'
332.4228 	EXP 	russellsQuad: autoDraw = True
344.5953 	DATA 	Mouse: Left button down, pos=(692,850)
344.5966 	DATA 	[-0.14095238  0.30952381]
344.6169 	EXP 	russellsQuad: autoDraw = False
344.6169 	EXP 	fixCross: autoDraw = True
344.7105 	DATA 	Mouse:  Left button up, pos=(692,850)
346.6354 	EXP 	fixCross: autoDraw = False
346.6354 	EXP 	goodbyetext: autoDraw = True
348.6209 	EXP 	goodbyetext: autoDraw = False
349.2240 	EXP 	window1: mouseVisible = True
