1.3020 	WARNING 	We strongly recommend you activate the PTB sound engine in PsychoPy prefs as the preferred audio engine. Its timing is vastly superior. Your prefs are currently set to use ['sounddevice', 'PTB', 'pyo', 'pygame'] (in that order).
10.4167 	WARNING 	User requested fullscreen with size [1680 1050], but screen is actually [1920, 1080]. Using actual size
11.2977 	EXP 	Created window1 = Window(allowGUI=False, allowStencil=False, autoLog=True, backendConf=UNKNOWN, bitsMode=UNKNOWN, blendMode='avg', bpc=(8, 8, 8), color=array([0, 0, 0]), colorSpace='rgb', depthBits=8, fullscr=<method-wrapper '__getattribute__' of attributeSetter object at 0x000001C497263E80>, gamma=None, gammaErrorPolicy='raise', lms=UNKNOWN, monitor=<psychopy.monitors.calibTools.Monitor object at 0x000001C4971A29D0>, multiSample=False, name='window1', numSamples=2, pos=(0, 0), screen=0, size=array([1920, 1080]), stencilBits=0, stereo=False, units='height', useFBO=True, useRetina=False, viewOri=0.0, viewPos=None, viewScale=None, waitBlanking=True, winType='pyglet')
11.2980 	EXP 	window1: mouseVisible = True
11.2981 	EXP 	window1: Attempting to measure frame rate of screen (0) ...
11.2981 	EXP 	window1: recordFrameIntervals = False
11.4641 	EXP 	window1: recordFrameIntervals = True
11.6475 	EXP 	Screen (0) actual frame rate measured at 60.02Hz
11.6475 	EXP 	window1: recordFrameIntervals = False
13.4723 	EXP 	Created starttext = TextStim(__class__=<class 'psychopy.visual.text.TextStim'>, alignHoriz=method-wrapper(...), alignText='center', alignVert=method-wrapper(...), anchorHoriz='center', anchorVert='center', antialias=True, autoLog=True, bold=False, color=array([1., 1., 1.]), colorSpace='rgb', contrast=1.0, depth=0.0, flipHoriz=False, flipVert=False, font='Open Sans', fontFiles=[], height=0.1, italic=False, languageStyle='LTR', name='starttext', opacity=1.0, ori=0.0, pos=array([0., 0.]), rgb=UNKNOWN, text=str(...), units='height', win=Window(...), wrapWidth=1)
13.4783 	EXP 	Created russellsQuad = ImageStim(__class__=<class 'psychopy.visual.image.ImageStim'>, anchor=('center', 'center'), autoLog=True, color=array([1., 1., 1.]), colorSpace='rgb', contrast=1.0, depth=-1.0, flipHoriz=False, flipVert=False, image='sin', interpolate=True, mask=None, maskParams=None, name='russellsQuad', opacity=1.0, ori=0.0, pos=array([0., 0.]), size=array([0.9, 0.9]), texRes=128.0, units='height', win=Window(...))
13.5158 	EXP 	Sound music set volume 1.000
13.5159 	EXP 	window1: mouseVisible = True
13.5213 	EXP 	Created fixCross = TextStim(__class__=<class 'psychopy.visual.text.TextStim'>, alignHoriz=method-wrapper(...), alignText='center', alignVert=method-wrapper(...), anchorHoriz='center', anchorVert='center', antialias=True, autoLog=True, bold=False, color=array([1., 1., 1.]), colorSpace='rgb', contrast=1.0, depth=0.0, flipHoriz=False, flipVert=False, font='Open Sans', fontFiles=[], height=0.1, italic=False, languageStyle='LTR', name='fixCross', opacity=1.0, ori=0.0, pos=array([0., 0.]), rgb=UNKNOWN, text='+', units='height', win=Window(...), wrapWidth=1)
13.5252 	EXP 	Created goodbyetext = TextStim(__class__=<class 'psychopy.visual.text.TextStim'>, alignHoriz=method-wrapper(...), alignText='center', alignVert=method-wrapper(...), anchorHoriz='center', anchorVert='center', antialias=True, autoLog=True, bold=False, color=array([1., 1., 1.]), colorSpace='rgb', contrast=1.0, depth=0.0, flipHoriz=False, flipVert=False, font='Open Sans', fontFiles=[], height=0.1, italic=False, languageStyle='LTR', name='goodbyetext', opacity=1.0, ori=0.0, pos=array([0., 0.]), rgb=UNKNOWN, text='Terminado.', units='height', win=Window(...), wrapWidth=1)
13.6215 	EXP 	starttext: autoDraw = True
15.5329 	EXP 	Created sequence: random, trialTypes=1, nReps=24, seed=None
15.5331 	EXP 	New trial (rep=0, index=0): None
16.3341 	EXP 	starttext: autoDraw = False
16.3341 	EXP 	russellsQuad: image = 'Russells-emotion-model.jpg'
16.3341 	EXP 	russellsQuad: autoDraw = True
27.5819 	DATA 	Mouse: Left button down, pos=(1163,765)
27.5822 	DATA 	[0.18796296 0.20833333]
27.5978 	EXP 	russellsQuad: autoDraw = False
27.5978 	EXP 	fixCross: autoDraw = True
27.6989 	DATA 	Mouse:  Left button up, pos=(1163,765)
29.5819 	EXP 	New trial (rep=1, index=0): None
29.8326 	EXP 	fixCross: autoDraw = False
29.8326 	EXP 	fixCross: autoDraw = False
29.8326 	EXP 	russellsQuad: image = 'Russells-emotion-model.jpg'
29.8326 	EXP 	russellsQuad: autoDraw = True
42.4672 	DATA 	Mouse: Left button down, pos=(1104,241)
42.4674 	DATA 	[ 0.13333334 -0.27685186]
42.4833 	EXP 	russellsQuad: autoDraw = False
42.4833 	EXP 	fixCross: autoDraw = True
42.5849 	DATA 	Mouse:  Left button up, pos=(1104,241)
44.4673 	EXP 	New trial (rep=2, index=0): None
44.7501 	EXP 	fixCross: autoDraw = False
44.7501 	EXP 	fixCross: autoDraw = False
44.7501 	EXP 	russellsQuad: image = 'Russells-emotion-model.jpg'
44.7501 	EXP 	russellsQuad: autoDraw = True
51.0671 	DATA 	Mouse: Left button down, pos=(678,871)
51.0673 	DATA 	[-0.2611111   0.30648148]
51.0831 	EXP 	russellsQuad: autoDraw = False
51.0831 	EXP 	fixCross: autoDraw = True
51.1348 	DATA 	Mouse:  Left button up, pos=(678,871)
53.0675 	EXP 	New trial (rep=3, index=0): None
53.3168 	EXP 	fixCross: autoDraw = False
53.3168 	EXP 	fixCross: autoDraw = False
53.3168 	EXP 	russellsQuad: image = 'Russells-emotion-model.jpg'
53.3168 	EXP 	russellsQuad: autoDraw = True
60.7842 	DATA 	Mouse: Left button down, pos=(1236,698)
60.7844 	DATA 	[0.25555557 0.14629629]
60.8002 	EXP 	russellsQuad: autoDraw = False
60.8002 	EXP 	fixCross: autoDraw = True
60.8680 	DATA 	Mouse:  Left button up, pos=(1236,698)
62.7844 	EXP 	New trial (rep=4, index=0): None
63.0504 	EXP 	fixCross: autoDraw = False
63.0504 	EXP 	fixCross: autoDraw = False
63.0504 	EXP 	russellsQuad: image = 'Russells-emotion-model.jpg'
63.0504 	EXP 	russellsQuad: autoDraw = True
73.9017 	DATA 	Mouse: Left button down, pos=(1241,267)
73.9019 	DATA 	[ 0.26018518 -0.25277779]
73.9175 	EXP 	russellsQuad: autoDraw = False
73.9175 	EXP 	fixCross: autoDraw = True
73.9853 	DATA 	Mouse:  Left button up, pos=(1241,267)
75.9016 	EXP 	New trial (rep=5, index=0): None
76.1675 	EXP 	fixCross: autoDraw = False
76.1675 	EXP 	fixCross: autoDraw = False
76.1675 	EXP 	russellsQuad: image = 'Russells-emotion-model.jpg'
76.1675 	EXP 	russellsQuad: autoDraw = True
90.9350 	DATA 	Mouse: Left button down, pos=(689,403)
90.9352 	DATA 	[-0.25092593 -0.12685186]
90.9512 	EXP 	russellsQuad: autoDraw = False
90.9512 	EXP 	fixCross: autoDraw = True
91.0528 	DATA 	Mouse:  Left button up, pos=(689,403)
92.9353 	EXP 	New trial (rep=6, index=0): None
93.1846 	EXP 	fixCross: autoDraw = False
93.1846 	EXP 	fixCross: autoDraw = False
93.1846 	EXP 	russellsQuad: image = 'Russells-emotion-model.jpg'
93.1846 	EXP 	russellsQuad: autoDraw = True
103.6684 	DATA 	Mouse: Left button down, pos=(1043,815)
103.6686 	DATA 	[0.07685185 0.25462964]
103.6846 	EXP 	russellsQuad: autoDraw = False
103.6846 	EXP 	fixCross: autoDraw = True
103.7694 	DATA 	Mouse:  Left button up, pos=(1043,815)
105.6687 	EXP 	New trial (rep=7, index=0): None
105.9347 	EXP 	fixCross: autoDraw = False
105.9347 	EXP 	fixCross: autoDraw = False
105.9347 	EXP 	russellsQuad: image = 'Russells-emotion-model.jpg'
105.9347 	EXP 	russellsQuad: autoDraw = True
116.7181 	DATA 	Mouse: Left button down, pos=(1125,601)
116.7182 	DATA 	[0.15277778 0.05648148]
116.7340 	EXP 	russellsQuad: autoDraw = False
116.7340 	EXP 	fixCross: autoDraw = True
116.8354 	DATA 	Mouse:  Left button up, pos=(1125,601)
118.7190 	EXP 	New trial (rep=8, index=0): None
118.9684 	EXP 	fixCross: autoDraw = False
118.9684 	EXP 	fixCross: autoDraw = False
118.9684 	EXP 	russellsQuad: image = 'Russells-emotion-model.jpg'
118.9684 	EXP 	russellsQuad: autoDraw = True
123.5190 	DATA 	Mouse: Left button down, pos=(672,867)
123.5192 	DATA 	[-0.26666668  0.30277777]
123.5351 	EXP 	russellsQuad: autoDraw = False
123.5351 	EXP 	fixCross: autoDraw = True
123.5868 	DATA 	Mouse:  Left button up, pos=(672,867)
125.5194 	EXP 	New trial (rep=9, index=0): None
125.7854 	EXP 	fixCross: autoDraw = False
125.7854 	EXP 	fixCross: autoDraw = False
125.7854 	EXP 	russellsQuad: image = 'Russells-emotion-model.jpg'
125.7854 	EXP 	russellsQuad: autoDraw = True
138.1864 	DATA 	Mouse: Left button down, pos=(1117,204)
138.1866 	DATA 	[ 0.14537036 -0.31111112]
138.2026 	EXP 	russellsQuad: autoDraw = False
138.2026 	EXP 	fixCross: autoDraw = True
138.3037 	DATA 	Mouse:  Left button up, pos=(1117,204)
140.1866 	EXP 	New trial (rep=10, index=0): None
140.4359 	EXP 	fixCross: autoDraw = False
140.4359 	EXP 	fixCross: autoDraw = False
140.4359 	EXP 	russellsQuad: image = 'Russells-emotion-model.jpg'
140.4359 	EXP 	russellsQuad: autoDraw = True
152.8368 	DATA 	Mouse: Left button down, pos=(715,207)
152.8370 	DATA 	[-0.22685185 -0.30833334]
152.8530 	EXP 	russellsQuad: autoDraw = False
152.8530 	EXP 	fixCross: autoDraw = True
152.9541 	DATA 	Mouse:  Left button up, pos=(715,207)
154.8370 	EXP 	New trial (rep=11, index=0): None
155.0864 	EXP 	fixCross: autoDraw = False
155.0864 	EXP 	fixCross: autoDraw = False
155.0864 	EXP 	russellsQuad: image = 'Russells-emotion-model.jpg'
155.0864 	EXP 	russellsQuad: autoDraw = True
162.3869 	DATA 	Mouse: Left button down, pos=(1243,738)
162.3872 	DATA 	[0.26203704 0.18333334]
162.4029 	EXP 	russellsQuad: autoDraw = False
162.4029 	EXP 	fixCross: autoDraw = True
162.4875 	DATA 	Mouse:  Left button up, pos=(1243,738)
164.3870 	EXP 	New trial (rep=12, index=0): None
164.6530 	EXP 	fixCross: autoDraw = False
164.6530 	EXP 	fixCross: autoDraw = False
164.6530 	EXP 	russellsQuad: image = 'Russells-emotion-model.jpg'
164.6530 	EXP 	russellsQuad: autoDraw = True
172.4203 	DATA 	Mouse: Left button down, pos=(1116,740)
172.4205 	DATA 	[0.14444445 0.18518518]
172.4365 	EXP 	russellsQuad: autoDraw = False
172.4365 	EXP 	fixCross: autoDraw = True
172.5377 	DATA 	Mouse:  Left button up, pos=(1116,740)
174.4207 	EXP 	New trial (rep=13, index=0): None
174.6870 	EXP 	fixCross: autoDraw = False
174.6870 	EXP 	fixCross: autoDraw = False
174.6870 	EXP 	russellsQuad: image = 'Russells-emotion-model.jpg'
174.6870 	EXP 	russellsQuad: autoDraw = True
190.1540 	DATA 	Mouse: Left button down, pos=(832,818)
190.1542 	DATA 	[-0.11851852  0.2574074 ]
190.1703 	EXP 	russellsQuad: autoDraw = False
190.1703 	EXP 	fixCross: autoDraw = True
190.2713 	DATA 	Mouse:  Left button up, pos=(832,818)
192.1545 	EXP 	New trial (rep=14, index=0): None
192.4371 	EXP 	fixCross: autoDraw = False
192.4371 	EXP 	fixCross: autoDraw = False
192.4371 	EXP 	russellsQuad: image = 'Russells-emotion-model.jpg'
192.4371 	EXP 	russellsQuad: autoDraw = True
197.4043 	DATA 	Mouse: Left button down, pos=(687,825)
197.4045 	DATA 	[-0.25277779  0.2638889 ]
197.4204 	EXP 	russellsQuad: autoDraw = False
197.4204 	EXP 	fixCross: autoDraw = True
197.5049 	DATA 	Mouse:  Left button up, pos=(687,825)
199.4046 	EXP 	New trial (rep=15, index=0): None
199.6706 	EXP 	fixCross: autoDraw = False
199.6706 	EXP 	fixCross: autoDraw = False
199.6706 	EXP 	russellsQuad: image = 'Russells-emotion-model.jpg'
199.6706 	EXP 	russellsQuad: autoDraw = True
211.0553 	DATA 	Mouse: Left button down, pos=(1237,628)
211.0555 	DATA 	[0.25648147 0.08148148]
211.0710 	EXP 	russellsQuad: autoDraw = False
211.0710 	EXP 	fixCross: autoDraw = True
211.1887 	DATA 	Mouse:  Left button up, pos=(1237,628)
213.0551 	EXP 	New trial (rep=16, index=0): None
213.3211 	EXP 	fixCross: autoDraw = False
213.3211 	EXP 	fixCross: autoDraw = False
213.3211 	EXP 	russellsQuad: image = 'Russells-emotion-model.jpg'
213.3211 	EXP 	russellsQuad: autoDraw = True
221.8886 	DATA 	Mouse: Left button down, pos=(993,700)
221.8887 	DATA 	[0.03055556 0.14814815]
221.9045 	EXP 	russellsQuad: autoDraw = False
221.9045 	EXP 	fixCross: autoDraw = True
222.0225 	DATA 	Mouse:  Left button up, pos=(993,700)
223.8887 	EXP 	New trial (rep=17, index=0): None
224.1380 	EXP 	fixCross: autoDraw = False
224.1380 	EXP 	fixCross: autoDraw = False
224.1380 	EXP 	russellsQuad: image = 'Russells-emotion-model.jpg'
224.1380 	EXP 	russellsQuad: autoDraw = True
234.9387 	DATA 	Mouse: Left button down, pos=(1144,570)
234.9389 	DATA 	[0.17037037 0.02777778]
234.9550 	EXP 	russellsQuad: autoDraw = False
234.9550 	EXP 	fixCross: autoDraw = True
235.0566 	DATA 	Mouse:  Left button up, pos=(1144,570)
236.9392 	EXP 	New trial (rep=18, index=0): None
237.1883 	EXP 	fixCross: autoDraw = False
237.1883 	EXP 	fixCross: autoDraw = False
237.1883 	EXP 	russellsQuad: image = 'Russells-emotion-model.jpg'
237.1883 	EXP 	russellsQuad: autoDraw = True
245.5058 	DATA 	Mouse: Left button down, pos=(1134,888)
245.5060 	DATA 	[0.16111112 0.32222223]
245.5217 	EXP 	russellsQuad: autoDraw = False
245.5217 	EXP 	fixCross: autoDraw = True
245.5730 	DATA 	Mouse:  Left button up, pos=(1134,888)
247.5060 	EXP 	New trial (rep=19, index=0): None
247.7553 	EXP 	fixCross: autoDraw = False
247.7553 	EXP 	fixCross: autoDraw = False
247.7553 	EXP 	russellsQuad: image = 'Russells-emotion-model.jpg'
247.7553 	EXP 	russellsQuad: autoDraw = True
256.0229 	DATA 	Mouse: Left button down, pos=(987,809)
256.0231 	DATA 	[0.025      0.24907407]
256.0387 	EXP 	russellsQuad: autoDraw = False
256.0387 	EXP 	fixCross: autoDraw = True
256.1398 	DATA 	Mouse:  Left button up, pos=(987,809)
258.0230 	EXP 	New trial (rep=20, index=0): None
258.2556 	EXP 	fixCross: autoDraw = False
258.2556 	EXP 	fixCross: autoDraw = False
258.2556 	EXP 	russellsQuad: image = 'Russells-emotion-model.jpg'
258.2556 	EXP 	russellsQuad: autoDraw = True
270.8563 	DATA 	Mouse: Left button down, pos=(989,665)
270.8565 	DATA 	[0.02685185 0.11574074]
270.8725 	EXP 	russellsQuad: autoDraw = False
270.8725 	EXP 	fixCross: autoDraw = True
270.9403 	DATA 	Mouse:  Left button up, pos=(989,665)
272.8568 	EXP 	New trial (rep=21, index=0): None
273.1227 	EXP 	fixCross: autoDraw = False
273.1227 	EXP 	fixCross: autoDraw = False
273.1227 	EXP 	russellsQuad: image = 'Russells-emotion-model.jpg'
273.1227 	EXP 	russellsQuad: autoDraw = True
282.7568 	DATA 	Mouse: Left button down, pos=(704,315)
282.7570 	DATA 	[-0.23703703 -0.20833333]
282.7731 	EXP 	russellsQuad: autoDraw = False
282.7731 	EXP 	fixCross: autoDraw = True
282.8409 	DATA 	Mouse:  Left button up, pos=(704,315)
284.7571 	EXP 	New trial (rep=22, index=0): None
284.9898 	EXP 	fixCross: autoDraw = False
284.9898 	EXP 	fixCross: autoDraw = False
284.9898 	EXP 	russellsQuad: image = 'Russells-emotion-model.jpg'
284.9898 	EXP 	russellsQuad: autoDraw = True
292.3069 	DATA 	Mouse: Left button down, pos=(997,759)
292.3071 	DATA 	[0.03425926 0.20277777]
292.3231 	EXP 	russellsQuad: autoDraw = False
292.3231 	EXP 	fixCross: autoDraw = True
292.4082 	DATA 	Mouse:  Left button up, pos=(997,759)
294.3072 	EXP 	New trial (rep=23, index=0): None
294.5565 	EXP 	fixCross: autoDraw = False
294.5565 	EXP 	fixCross: autoDraw = False
294.5565 	EXP 	russellsQuad: image = 'Russells-emotion-model.jpg'
294.5565 	EXP 	russellsQuad: autoDraw = True
305.2413 	DATA 	Mouse: Left button down, pos=(997,483)
305.2571 	DATA 	[ 0.03425926 -0.05277778]
305.2736 	EXP 	russellsQuad: autoDraw = False
305.2736 	EXP 	fixCross: autoDraw = True
305.3753 	DATA 	Mouse:  Left button up, pos=(997,483)
307.2736 	EXP 	fixCross: autoDraw = False
307.2736 	EXP 	fixCross: autoDraw = False
307.2736 	EXP 	goodbyetext: autoDraw = True
309.2737 	EXP 	goodbyetext: autoDraw = False
309.2737 	EXP 	goodbyetext: autoDraw = False
309.4763 	EXP 	window1: mouseVisible = True
