1.9535 	WARNING 	We strongly recommend you activate the PTB sound engine in PsychoPy prefs as the preferred audio engine. Its timing is vastly superior. Your prefs are currently set to use ['sounddevice', 'PTB', 'pyo', 'pygame'] (in that order).
11.0726 	WARNING 	User requested fullscreen with size [1680 1050], but screen is actually [1920, 1080]. Using actual size
11.6768 	EXP 	Created window1 = Window(allowGUI=True, allowStencil=False, autoLog=True, backendConf=UNKNOWN, bitsMode=UNKNOWN, blendMode='avg', bpc=(8, 8, 8), color=array([0, 0, 0]), colorSpace='rgb', depthBits=8, fullscr=<method-wrapper '__getattribute__' of attributeSetter object at 0x000002263B70F3D0>, gamma=None, gammaErrorPolicy='raise', lms=UNKNOWN, monitor=<psychopy.monitors.calibTools.Monitor object at 0x000002263D639520>, multiSample=False, name='window1', numSamples=2, pos=(0, 0), screen=0, size=array([1920, 1080]), stencilBits=0, stereo=False, units='height', useFBO=True, useRetina=False, viewOri=0.0, viewPos=None, viewScale=None, waitBlanking=True, winType='pyglet')
11.6769 	EXP 	window1: mouseVisible = True
11.6770 	EXP 	window1: mouseVisible = False
11.6770 	EXP 	window1: Attempting to measure frame rate of screen (0) ...
11.6770 	EXP 	window1: recordFrameIntervals = False
11.8432 	EXP 	window1: recordFrameIntervals = True
12.0267 	EXP 	Screen (0) actual frame rate measured at 59.99Hz
12.0267 	EXP 	window1: recordFrameIntervals = False
14.0394 	EXP 	Created starttext = TextStim(__class__=<class 'psychopy.visual.text.TextStim'>, alignHoriz=method-wrapper(...), alignText='center', alignVert=method-wrapper(...), anchorHoriz='center', anchorVert='center', antialias=True, autoDraw=False, autoLog=True, bold=False, color=array([1, 1, 1]), colorSpace='rgb', contrast=1.0, depth=0.0, flipHoriz=False, flipVert=False, font='Open Sans', fontFiles=[], height=0.1, italic=False, languageStyle='LTR', name='starttext', opacity=1.0, ori=0.0, pos=array([0., 0.]), rgb=UNKNOWN, text=str(...), units='height', win=Window(...), wrapWidth=1)
14.0439 	EXP 	Created russellsQuad = ImageStim(__class__=<class 'psychopy.visual.image.ImageStim'>, anchor=('center', 'center'), autoLog=True, color=array([1, 1, 1]), colorSpace='rgb', contrast=1.0, depth=-1.0, flipHoriz=False, flipVert=False, image='sin', interpolate=True, mask=None, maskParams=None, name='russellsQuad', opacity=1.0, ori=0.0, pos=array([0., 0.]), size=array([0.9, 0.9]), texRes=128.0, units='height', win=Window(...))
14.0791 	EXP 	Sound music set volume 1.000
14.0797 	EXP 	window1: mouseVisible = True
14.0832 	EXP 	Created fixCross = TextStim(__class__=<class 'psychopy.visual.text.TextStim'>, alignHoriz=method-wrapper(...), alignText='center', alignVert=method-wrapper(...), anchorHoriz='center', anchorVert='center', antialias=True, autoDraw=False, autoLog=True, bold=False, color=array([1, 1, 1]), colorSpace='rgb', contrast=1.0, depth=0.0, flipHoriz=False, flipVert=False, font='Open Sans', fontFiles=[], height=0.1, italic=False, languageStyle='LTR', name='fixCross', opacity=1.0, ori=0.0, pos=array([0., 0.]), rgb=UNKNOWN, text='+', units='height', win=Window(...), wrapWidth=1)
14.0855 	EXP 	Created goodbyetext = TextStim(__class__=<class 'psychopy.visual.text.TextStim'>, alignHoriz=method-wrapper(...), alignText='center', alignVert=method-wrapper(...), anchorHoriz='center', anchorVert='center', antialias=True, autoDraw=False, autoLog=True, bold=False, color=array([1, 1, 1]), colorSpace='rgb', contrast=1.0, depth=0.0, flipHoriz=False, flipVert=False, font='Open Sans', fontFiles=[], height=0.1, italic=False, languageStyle='LTR', name='goodbyetext', opacity=1.0, ori=0.0, pos=array([0., 0.]), rgb=UNKNOWN, text='Terminado.', units='height', win=Window(...), wrapWidth=1)
14.0944 	EXP 	starttext: autoDraw = True
16.0786 	EXP 	Created sequence: random, trialTypes=1, nReps=24, seed=None
16.0788 	EXP 	New trial (rep=0, index=0): None
16.8795 	EXP 	starttext: autoDraw = False
16.8795 	EXP 	starttext: autoDraw = False
16.8795 	EXP 	russellsQuad: image = 'Russells-emotion-model.jpg'
16.8795 	EXP 	russellsQuad: autoDraw = True
33.5942 	DATA 	Mouse: Left button down, pos=(1126,165)
33.5944 	DATA 	[ 0.1537037  -0.34722222]
33.6105 	EXP 	russellsQuad: autoDraw = False
33.6105 	EXP 	fixCross: autoDraw = True
33.7613 	DATA 	Mouse:  Left button up, pos=(1126,165)
35.5945 	EXP 	New trial (rep=1, index=0): None
35.8616 	EXP 	fixCross: autoDraw = False
35.8616 	EXP 	fixCross: autoDraw = False
35.8616 	EXP 	russellsQuad: image = 'Russells-emotion-model.jpg'
35.8616 	EXP 	russellsQuad: autoDraw = True
51.2119 	DATA 	Mouse: Left button down, pos=(1266,492)
51.2120 	DATA 	[ 0.28333333 -0.04444444]
51.2280 	EXP 	russellsQuad: autoDraw = False
51.2280 	EXP 	fixCross: autoDraw = True
51.3288 	DATA 	Mouse:  Left button up, pos=(1266,492)
53.2119 	EXP 	New trial (rep=2, index=0): None
53.4954 	EXP 	fixCross: autoDraw = False
53.4954 	EXP 	fixCross: autoDraw = False
53.4954 	EXP 	russellsQuad: image = 'Russells-emotion-model.jpg'
53.4954 	EXP 	russellsQuad: autoDraw = True
62.5288 	DATA 	Mouse: Left button down, pos=(1257,187)
62.5290 	DATA 	[ 0.275      -0.32685185]
62.5450 	EXP 	russellsQuad: autoDraw = False
62.5450 	EXP 	fixCross: autoDraw = True
62.6457 	DATA 	Mouse:  Left button up, pos=(1257,187)
64.5289 	EXP 	New trial (rep=3, index=0): None
64.8124 	EXP 	fixCross: autoDraw = False
64.8124 	EXP 	fixCross: autoDraw = False
64.8124 	EXP 	russellsQuad: image = 'Russells-emotion-model.jpg'
64.8124 	EXP 	russellsQuad: autoDraw = True
79.9297 	DATA 	Mouse: Left button down, pos=(1009,178)
79.9299 	DATA 	[ 0.04537037 -0.33518519]
79.9454 	EXP 	russellsQuad: autoDraw = False
79.9454 	EXP 	fixCross: autoDraw = True
80.0469 	DATA 	Mouse:  Left button up, pos=(1009,178)
81.9300 	EXP 	New trial (rep=4, index=0): None
82.2462 	EXP 	fixCross: autoDraw = False
82.2462 	EXP 	fixCross: autoDraw = False
82.2462 	EXP 	russellsQuad: image = 'Russells-emotion-model.jpg'
82.2462 	EXP 	russellsQuad: autoDraw = True
95.6798 	DATA 	Mouse: Left button down, pos=(657,180)
95.6800 	DATA 	[-0.28055556 -0.33333333]
95.6959 	EXP 	russellsQuad: autoDraw = False
95.6959 	EXP 	fixCross: autoDraw = True
95.8466 	DATA 	Mouse:  Left button up, pos=(657,180)
97.6798 	EXP 	New trial (rep=5, index=0): None
97.9466 	EXP 	fixCross: autoDraw = False
97.9466 	EXP 	fixCross: autoDraw = False
97.9466 	EXP 	russellsQuad: image = 'Russells-emotion-model.jpg'
97.9466 	EXP 	russellsQuad: autoDraw = True
111.9135 	DATA 	Mouse: Left button down, pos=(784,445)
111.9137 	DATA 	[-0.16296296 -0.08796296]
111.9297 	EXP 	russellsQuad: autoDraw = False
111.9297 	EXP 	fixCross: autoDraw = True
112.0637 	DATA 	Mouse:  Left button up, pos=(784,445)
113.9136 	EXP 	New trial (rep=6, index=0): None
114.1804 	EXP 	fixCross: autoDraw = False
114.1804 	EXP 	fixCross: autoDraw = False
114.1804 	EXP 	russellsQuad: image = 'Russells-emotion-model.jpg'
114.1804 	EXP 	russellsQuad: autoDraw = True
132.1639 	DATA 	Mouse: Left button down, pos=(864,342)
132.1641 	DATA 	[-0.08888889 -0.18333333]
132.1802 	EXP 	russellsQuad: autoDraw = False
132.1802 	EXP 	fixCross: autoDraw = True
132.2812 	DATA 	Mouse:  Left button up, pos=(864,342)
134.1641 	EXP 	New trial (rep=7, index=0): None
134.3969 	EXP 	fixCross: autoDraw = False
134.3969 	EXP 	fixCross: autoDraw = False
134.3969 	EXP 	russellsQuad: image = 'Russells-emotion-model.jpg'
134.3969 	EXP 	russellsQuad: autoDraw = True
146.8981 	DATA 	Mouse: Left button down, pos=(789,712)
146.8983 	DATA 	[-0.15833333  0.15925926]
146.9139 	EXP 	russellsQuad: autoDraw = False
146.9139 	EXP 	fixCross: autoDraw = True
147.0981 	DATA 	Mouse:  Left button up, pos=(789,712)
148.8978 	EXP 	New trial (rep=8, index=0): None
149.1647 	EXP 	fixCross: autoDraw = False
149.1647 	EXP 	fixCross: autoDraw = False
149.1647 	EXP 	russellsQuad: image = 'Russells-emotion-model.jpg'
149.1647 	EXP 	russellsQuad: autoDraw = True
167.0650 	DATA 	Mouse: Left button down, pos=(907,600)
167.0652 	DATA 	[-0.04907407  0.05555556]
167.0811 	EXP 	russellsQuad: autoDraw = False
167.0811 	EXP 	fixCross: autoDraw = True
167.2653 	DATA 	Mouse:  Left button up, pos=(907,600)
169.0650 	EXP 	New trial (rep=9, index=0): None
169.3486 	EXP 	fixCross: autoDraw = False
169.3486 	EXP 	fixCross: autoDraw = False
169.3486 	EXP 	russellsQuad: image = 'Russells-emotion-model.jpg'
169.3486 	EXP 	russellsQuad: autoDraw = True
184.1988 	DATA 	Mouse: Left button down, pos=(971,855)
184.1990 	DATA 	[0.01018519 0.29166667]
184.2150 	EXP 	russellsQuad: autoDraw = False
184.2150 	EXP 	fixCross: autoDraw = True
184.3490 	DATA 	Mouse:  Left button up, pos=(971,855)
186.1988 	EXP 	New trial (rep=10, index=0): None
186.4650 	EXP 	fixCross: autoDraw = False
186.4650 	EXP 	fixCross: autoDraw = False
186.4650 	EXP 	russellsQuad: image = 'Russells-emotion-model.jpg'
186.4650 	EXP 	russellsQuad: autoDraw = True
199.6991 	DATA 	Mouse: Left button down, pos=(657,864)
199.6993 	DATA 	[-0.28055556  0.3       ]
199.7154 	EXP 	russellsQuad: autoDraw = False
199.7154 	EXP 	fixCross: autoDraw = True
199.8661 	DATA 	Mouse:  Left button up, pos=(657,864)
201.6993 	EXP 	New trial (rep=11, index=0): None
201.9828 	EXP 	fixCross: autoDraw = False
201.9828 	EXP 	fixCross: autoDraw = False
201.9828 	EXP 	russellsQuad: image = 'Russells-emotion-model.jpg'
201.9828 	EXP 	russellsQuad: autoDraw = True
214.0996 	DATA 	Mouse: Left button down, pos=(1259,196)
214.0998 	DATA 	[ 0.27685185 -0.31851852]
214.1157 	EXP 	russellsQuad: autoDraw = False
214.1157 	EXP 	fixCross: autoDraw = True
214.2166 	DATA 	Mouse:  Left button up, pos=(1259,196)
216.0997 	EXP 	New trial (rep=12, index=0): None
216.3832 	EXP 	fixCross: autoDraw = False
216.3832 	EXP 	fixCross: autoDraw = False
216.3832 	EXP 	russellsQuad: image = 'Russells-emotion-model.jpg'
216.3832 	EXP 	russellsQuad: autoDraw = True
231.0001 	DATA 	Mouse: Left button down, pos=(1258,364)
231.0002 	DATA 	[ 0.27592593 -0.16296296]
231.0162 	EXP 	russellsQuad: autoDraw = False
231.0162 	EXP 	fixCross: autoDraw = True
231.1670 	DATA 	Mouse:  Left button up, pos=(1258,364)
233.0001 	EXP 	New trial (rep=13, index=0): None
233.2663 	EXP 	fixCross: autoDraw = False
233.2663 	EXP 	fixCross: autoDraw = False
233.2663 	EXP 	russellsQuad: image = 'Russells-emotion-model.jpg'
233.2663 	EXP 	russellsQuad: autoDraw = True
246.3504 	DATA 	Mouse: Left button down, pos=(1006,803)
246.3506 	DATA 	[0.04259259 0.24351852]
246.3666 	EXP 	russellsQuad: autoDraw = False
246.3666 	EXP 	fixCross: autoDraw = True
246.5346 	DATA 	Mouse:  Left button up, pos=(1005,801)
248.3506 	EXP 	New trial (rep=14, index=0): None
248.6000 	EXP 	fixCross: autoDraw = False
248.6000 	EXP 	fixCross: autoDraw = False
248.6000 	EXP 	russellsQuad: image = 'Russells-emotion-model.jpg'
248.6000 	EXP 	russellsQuad: autoDraw = True
257.1175 	DATA 	Mouse: Left button down, pos=(654,199)
257.1177 	DATA 	[-0.28333333 -0.31574074]
257.1336 	EXP 	russellsQuad: autoDraw = False
257.1336 	EXP 	fixCross: autoDraw = True
257.2677 	DATA 	Mouse:  Left button up, pos=(654,199)
259.1176 	EXP 	New trial (rep=15, index=0): None
259.3676 	EXP 	fixCross: autoDraw = False
259.3676 	EXP 	fixCross: autoDraw = False
259.3676 	EXP 	russellsQuad: image = 'Russells-emotion-model.jpg'
259.3676 	EXP 	russellsQuad: autoDraw = True
271.8011 	DATA 	Mouse: Left button down, pos=(629,350)
271.8013 	DATA 	[-0.30648148 -0.17592593]
271.8173 	EXP 	russellsQuad: autoDraw = False
271.8173 	EXP 	fixCross: autoDraw = True
271.9849 	DATA 	Mouse:  Left button up, pos=(629,350)
273.8013 	EXP 	New trial (rep=16, index=0): None
274.0507 	EXP 	fixCross: autoDraw = False
274.0507 	EXP 	fixCross: autoDraw = False
274.0507 	EXP 	russellsQuad: image = 'Russells-emotion-model.jpg'
274.0507 	EXP 	russellsQuad: autoDraw = True
286.9517 	DATA 	Mouse: Left button down, pos=(989,747)
286.9519 	DATA 	[0.02685185 0.19166667]
286.9677 	EXP 	russellsQuad: autoDraw = False
286.9677 	EXP 	fixCross: autoDraw = True
287.0851 	DATA 	Mouse:  Left button up, pos=(989,747)
288.9516 	EXP 	New trial (rep=17, index=0): None
289.2012 	EXP 	fixCross: autoDraw = False
289.2012 	EXP 	fixCross: autoDraw = False
289.2012 	EXP 	russellsQuad: image = 'Russells-emotion-model.jpg'
289.2012 	EXP 	russellsQuad: autoDraw = True
299.6356 	DATA 	Mouse: Left button down, pos=(1256,739)
299.6358 	DATA 	[0.27407407 0.18425926]
299.6514 	EXP 	russellsQuad: autoDraw = False
299.6514 	EXP 	fixCross: autoDraw = True
299.7523 	DATA 	Mouse:  Left button up, pos=(1256,739)
301.6353 	EXP 	New trial (rep=18, index=0): None
301.8855 	EXP 	fixCross: autoDraw = False
301.8855 	EXP 	fixCross: autoDraw = False
301.8855 	EXP 	russellsQuad: image = 'Russells-emotion-model.jpg'
301.8855 	EXP 	russellsQuad: autoDraw = True
317.0024 	DATA 	Mouse: Left button down, pos=(791,166)
317.0026 	DATA 	[-0.15648148 -0.3462963 ]
317.0185 	EXP 	russellsQuad: autoDraw = False
317.0185 	EXP 	fixCross: autoDraw = True
317.1526 	DATA 	Mouse:  Left button up, pos=(791,166)
319.0025 	EXP 	New trial (rep=19, index=0): None
319.2686 	EXP 	fixCross: autoDraw = False
319.2686 	EXP 	fixCross: autoDraw = False
319.2686 	EXP 	russellsQuad: image = 'Russells-emotion-model.jpg'
319.2686 	EXP 	russellsQuad: autoDraw = True
331.5865 	DATA 	Mouse: Left button down, pos=(1288,695)
331.5867 	DATA 	[0.3037037  0.14351852]
331.6022 	EXP 	russellsQuad: autoDraw = False
331.6022 	EXP 	fixCross: autoDraw = True
331.7529 	DATA 	Mouse:  Left button up, pos=(1288,695)
333.5862 	EXP 	New trial (rep=20, index=0): None
333.8530 	EXP 	fixCross: autoDraw = False
333.8530 	EXP 	fixCross: autoDraw = False
333.8530 	EXP 	russellsQuad: image = 'Russells-emotion-model.jpg'
333.8530 	EXP 	russellsQuad: autoDraw = True
347.1542 	DATA 	Mouse: Left button down, pos=(1234,427)
347.1544 	DATA 	[ 0.2537037  -0.10462963]
347.1694 	EXP 	russellsQuad: autoDraw = False
347.1694 	EXP 	fixCross: autoDraw = True
347.2538 	DATA 	Mouse:  Left button up, pos=(1234,427)
349.1535 	EXP 	New trial (rep=21, index=0): None
349.4194 	EXP 	fixCross: autoDraw = False
349.4194 	EXP 	fixCross: autoDraw = False
349.4194 	EXP 	russellsQuad: image = 'Russells-emotion-model.jpg'
349.4194 	EXP 	russellsQuad: autoDraw = True
362.1368 	DATA 	Mouse: Left button down, pos=(1242,737)
362.1370 	DATA 	[0.26111111 0.18240741]
362.1531 	EXP 	russellsQuad: autoDraw = False
362.1531 	EXP 	fixCross: autoDraw = True
362.2538 	DATA 	Mouse:  Left button up, pos=(1242,737)
364.1370 	EXP 	New trial (rep=22, index=0): None
364.4365 	EXP 	fixCross: autoDraw = False
364.4365 	EXP 	fixCross: autoDraw = False
364.4365 	EXP 	russellsQuad: image = 'Russells-emotion-model.jpg'
364.4365 	EXP 	russellsQuad: autoDraw = True
376.5207 	DATA 	Mouse: Left button down, pos=(1128,735)
376.5209 	DATA 	[0.15555556 0.18055556]
376.5368 	EXP 	russellsQuad: autoDraw = False
376.5368 	EXP 	fixCross: autoDraw = True
376.6209 	DATA 	Mouse:  Left button up, pos=(1128,735)
378.5207 	EXP 	New trial (rep=23, index=0): None
378.7709 	EXP 	fixCross: autoDraw = False
378.7709 	EXP 	fixCross: autoDraw = False
378.7709 	EXP 	russellsQuad: image = 'Russells-emotion-model.jpg'
378.7709 	EXP 	russellsQuad: autoDraw = True
393.1714 	DATA 	Mouse: Left button down, pos=(1131,176)
393.1716 	DATA 	[ 0.15833333 -0.33703704]
393.1872 	EXP 	russellsQuad: autoDraw = False
393.1872 	EXP 	fixCross: autoDraw = True
393.3546 	DATA 	Mouse:  Left button up, pos=(1131,176)
395.1873 	EXP 	fixCross: autoDraw = False
395.1873 	EXP 	fixCross: autoDraw = False
395.1873 	EXP 	goodbyetext: autoDraw = True
397.1873 	EXP 	goodbyetext: autoDraw = False
397.1873 	EXP 	goodbyetext: autoDraw = False
397.3412 	EXP 	window1: mouseVisible = True
