1.5965 	WARNING 	We strongly recommend you activate the PTB sound engine in PsychoPy prefs as the preferred audio engine. Its timing is vastly superior. Your prefs are currently set to use ['sounddevice', 'PTB', 'pyo', 'pygame'] (in that order).
15.8727 	EXP 	Created window1 = Window(allowGUI=False, allowStencil=False, autoLog=True, backendConf=UNKNOWN, bitsMode=UNKNOWN, blendMode='avg', bpc=(8, 8, 8), color=array([0, 0, 0]), colorSpace='rgb', depthBits=8, fullscr=<method-wrapper '__getattribute__' of attributeSetter object at 0x7fd5c924aac8>, gamma=None, gammaErrorPolicy='raise', lms=UNKNOWN, monitor=<psychopy.monitors.calibTools.Monitor object at 0x7fd5e5ab5b70>, multiSample=False, name='window1', numSamples=2, pos=[420.0, 262.5], screen=0, size=array([3360, 2100]), stencilBits=0, stereo=False, units='height', useFBO=True, useRetina=True, viewOri=0.0, viewPos=None, viewScale=None, waitBlanking=True, winType='pyglet')
15.8730 	EXP 	window1: mouseVisible = True
15.8731 	EXP 	window1: recordFrameIntervals = False
16.0251 	EXP 	window1: recordFrameIntervals = True
16.4020 	WARNING 	t of last frame was 23.23ms (=1/43)
16.7690 	WARNING 	t of last frame was 23.94ms (=1/41)
16.8375 	WARNING 	t of last frame was 20.44ms (=1/48)
17.5683 	WARNING 	t of last frame was 24.97ms (=1/40)
17.6000 	WARNING 	Couldn't measure a consistent frame rate.
  - Is your graphics card set to sync to vertical blank?
  - Are you running other processes on your computer?

18.8987 	EXP 	Created starttext = TextStim(__class__=<class 'psychopy.visual.text.TextStim'>, alignHoriz=method-wrapper(...), alignText='center', alignVert=method-wrapper(...), anchorHoriz='center', anchorVert='center', antialias=True, autoLog=True, bold=False, color=array([1., 1., 1.]), colorSpace='rgb', contrast=1.0, depth=0.0, flipHoriz=False, flipVert=False, font='Open Sans', fontFiles=[], height=0.1, italic=False, languageStyle='LTR', name='starttext', opacity=1, ori=0.0, pos=array([0., 0.]), rgb=UNKNOWN, text=str(...), units='height', win=Window(...), wrapWidth=1)
18.9039 	EXP 	Created russellsQuad = ImageStim(__class__=<class 'psychopy.visual.image.ImageStim'>, autoLog=True, color=array([1., 1., 1.]), colorSpace='rgb', contrast=1.0, depth=-1.0, flipHoriz=False, flipVert=False, image='sin', interpolate=True, mask=None, maskParams=None, name='russellsQuad', opacity=1, ori=0.0, pos=array([0., 0.]), size=array([0.9, 0.9]), texRes=128.0, units='height', win=Window(...))
19.1903 	EXP 	Sound music set volume 1.000
19.1906 	EXP 	window1: mouseVisible = True
19.1984 	EXP 	Created fixCross = TextStim(__class__=<class 'psychopy.visual.text.TextStim'>, alignHoriz=method-wrapper(...), alignText='center', alignVert=method-wrapper(...), anchorHoriz='center', anchorVert='center', antialias=True, autoLog=True, bold=False, color=array([1., 1., 1.]), colorSpace='rgb', contrast=1.0, depth=0.0, flipHoriz=False, flipVert=False, font='Open Sans', fontFiles=[], height=0.1, italic=False, languageStyle='LTR', name='fixCross', opacity=1, ori=0.0, pos=array([0., 0.]), rgb=UNKNOWN, text='+', units='height', win=Window(...), wrapWidth=1)
19.2039 	EXP 	Created goodbyetext = TextStim(__class__=<class 'psychopy.visual.text.TextStim'>, alignHoriz=method-wrapper(...), alignText='center', alignVert=method-wrapper(...), anchorHoriz='center', anchorVert='center', antialias=True, autoLog=True, bold=False, color=array([1., 1., 1.]), colorSpace='rgb', contrast=1.0, depth=0.0, flipHoriz=False, flipVert=False, font='Open Sans', fontFiles=[], height=0.1, italic=False, languageStyle='LTR', name='goodbyetext', opacity=1, ori=0.0, pos=array([0., 0.]), rgb=UNKNOWN, text='Terminado.', units='height', win=Window(...), wrapWidth=1)
19.2247 	WARNING 	Multiple dropped frames have occurred - I'll stop bothering you about them!
19.2246 	EXP 	starttext: autoDraw = True
21.2219 	EXP 	Created sequence: random, trialTypes=1, nReps=24, seed=None
21.2222 	EXP 	New trial (rep=0, index=0): None
22.0309 	EXP 	starttext: autoDraw = False
22.0309 	EXP 	russellsQuad: image = 'Russells-emotion-model.jpg'
22.0309 	EXP 	russellsQuad: autoDraw = True
38.6336 	DATA 	Mouse: Left button down, pos=(969,445)
38.6357 	DATA 	[ 0.12285714 -0.07619048]
38.6585 	EXP 	russellsQuad: autoDraw = False
38.6585 	EXP 	fixCross: autoDraw = True
38.7728 	DATA 	Mouse:  Left button up, pos=(969,445)
40.6670 	EXP 	New trial (rep=1, index=0): None
41.4122 	EXP 	fixCross: autoDraw = False
41.4122 	EXP 	russellsQuad: image = 'Russells-emotion-model.jpg'
41.4122 	EXP 	russellsQuad: autoDraw = True
62.0103 	DATA 	Mouse: Left button down, pos=(871,638)
62.0318 	DATA 	[0.02952381 0.10761905]
62.0523 	EXP 	russellsQuad: autoDraw = False
62.0523 	EXP 	fixCross: autoDraw = True
62.1248 	DATA 	Mouse:  Left button up, pos=(871,638)
64.0462 	EXP 	New trial (rep=2, index=0): None
64.6133 	EXP 	fixCross: autoDraw = False
64.6133 	EXP 	russellsQuad: image = 'Russells-emotion-model.jpg'
64.6133 	EXP 	russellsQuad: autoDraw = True
84.0578 	DATA 	Mouse: Left button down, pos=(901,727)
84.0587 	DATA 	[0.05809524 0.19238095]
84.0754 	EXP 	russellsQuad: autoDraw = False
84.0754 	EXP 	fixCross: autoDraw = True
84.1849 	DATA 	Mouse:  Left button up, pos=(901,727)
86.0763 	EXP 	New trial (rep=3, index=0): None
86.5703 	EXP 	fixCross: autoDraw = False
86.5703 	EXP 	russellsQuad: image = 'Russells-emotion-model.jpg'
86.5703 	EXP 	russellsQuad: autoDraw = True
108.2110 	DATA 	Mouse: Left button down, pos=(901,479)
108.2122 	DATA 	[ 0.05809524 -0.04380952]
108.2299 	EXP 	russellsQuad: autoDraw = False
108.2299 	EXP 	fixCross: autoDraw = True
108.3425 	DATA 	Mouse:  Left button up, pos=(901,479)
110.2246 	EXP 	New trial (rep=4, index=0): None
110.7522 	EXP 	fixCross: autoDraw = False
110.7522 	EXP 	russellsQuad: image = 'Russells-emotion-model.jpg'
110.7522 	EXP 	russellsQuad: autoDraw = True
125.1145 	DATA 	Mouse: Left button down, pos=(1082,406)
125.1164 	DATA 	[ 0.23047619 -0.11333333]
125.1367 	EXP 	russellsQuad: autoDraw = False
125.1367 	EXP 	fixCross: autoDraw = True
125.2370 	DATA 	Mouse:  Left button up, pos=(1082,406)
127.1231 	EXP 	New trial (rep=5, index=0): None
127.6249 	EXP 	fixCross: autoDraw = False
127.6249 	EXP 	russellsQuad: image = 'Russells-emotion-model.jpg'
127.6249 	EXP 	russellsQuad: autoDraw = True
141.2205 	DATA 	Mouse: Left button down, pos=(997,560)
141.2231 	DATA 	[0.14952381 0.03333333]
141.2463 	EXP 	russellsQuad: autoDraw = False
141.2463 	EXP 	fixCross: autoDraw = True
141.3608 	DATA 	Mouse:  Left button up, pos=(997,560)
143.2449 	EXP 	New trial (rep=6, index=0): None
143.7736 	EXP 	fixCross: autoDraw = False
143.7736 	EXP 	russellsQuad: image = 'Russells-emotion-model.jpg'
143.7736 	EXP 	russellsQuad: autoDraw = True
156.2382 	DATA 	Mouse: Left button down, pos=(885,467)
156.2390 	DATA 	[ 0.04285714 -0.0552381 ]
156.2558 	EXP 	russellsQuad: autoDraw = False
156.2558 	EXP 	fixCross: autoDraw = True
156.3602 	DATA 	Mouse:  Left button up, pos=(885,467)
158.2510 	EXP 	New trial (rep=7, index=0): None
158.7027 	EXP 	fixCross: autoDraw = False
158.7027 	EXP 	russellsQuad: image = 'Russells-emotion-model.jpg'
158.7027 	EXP 	russellsQuad: autoDraw = True
176.3189 	DATA 	Mouse: Left button down, pos=(1011,646)
176.3196 	DATA 	[0.16285714 0.1152381 ]
176.3356 	EXP 	russellsQuad: autoDraw = False
176.3356 	EXP 	fixCross: autoDraw = True
176.3574 	DATA 	Mouse:  Left button up, pos=(1011,646)
178.3381 	EXP 	New trial (rep=8, index=0): None
178.7880 	EXP 	fixCross: autoDraw = False
178.7880 	EXP 	russellsQuad: image = 'Russells-emotion-model.jpg'
178.7880 	EXP 	russellsQuad: autoDraw = True
194.0373 	DATA 	Mouse: Left button down, pos=(1060,463)
194.0382 	DATA 	[ 0.20952381 -0.05904762]
194.0553 	EXP 	russellsQuad: autoDraw = False
194.0553 	EXP 	fixCross: autoDraw = True
194.1439 	DATA 	Mouse:  Left button up, pos=(1061,465)
196.0574 	EXP 	New trial (rep=9, index=0): None
196.5193 	EXP 	fixCross: autoDraw = False
196.5193 	EXP 	russellsQuad: image = 'Russells-emotion-model.jpg'
196.5193 	EXP 	russellsQuad: autoDraw = True
209.0194 	DATA 	Mouse: Left button down, pos=(916,419)
209.0204 	DATA 	[ 0.07238095 -0.10095238]
209.0383 	EXP 	russellsQuad: autoDraw = False
209.0383 	EXP 	fixCross: autoDraw = True
209.1261 	DATA 	Mouse:  Left button up, pos=(916,419)
211.0388 	EXP 	New trial (rep=10, index=0): None
211.5388 	EXP 	fixCross: autoDraw = False
211.5388 	EXP 	russellsQuad: image = 'Russells-emotion-model.jpg'
211.5388 	EXP 	russellsQuad: autoDraw = True
228.1418 	DATA 	Mouse: Left button down, pos=(961,680)
228.1429 	DATA 	[0.1152381  0.14761905]
228.1605 	EXP 	russellsQuad: autoDraw = False
228.1605 	EXP 	fixCross: autoDraw = True
228.2707 	DATA 	Mouse:  Left button up, pos=(961,680)
230.1634 	EXP 	New trial (rep=11, index=0): None
230.6835 	EXP 	fixCross: autoDraw = False
230.6835 	EXP 	russellsQuad: image = 'Russells-emotion-model.jpg'
230.6835 	EXP 	russellsQuad: autoDraw = True
245.4247 	DATA 	Mouse: Left button down, pos=(1024,568)
245.4256 	DATA 	[0.1752381  0.04095238]
245.4440 	EXP 	russellsQuad: autoDraw = False
245.4440 	EXP 	fixCross: autoDraw = True
245.5573 	DATA 	Mouse:  Left button up, pos=(1024,568)
247.4435 	EXP 	New trial (rep=12, index=0): None
247.9135 	EXP 	fixCross: autoDraw = False
247.9135 	EXP 	russellsQuad: image = 'Russells-emotion-model.jpg'
247.9135 	EXP 	russellsQuad: autoDraw = True
261.0573 	DATA 	Mouse: Left button down, pos=(890,411)
261.0793 	DATA 	[ 0.04761905 -0.10857143]
261.1026 	EXP 	russellsQuad: autoDraw = False
261.1026 	EXP 	fixCross: autoDraw = True
261.2385 	DATA 	Mouse:  Left button up, pos=(890,411)
263.0894 	EXP 	New trial (rep=13, index=0): None
263.5959 	EXP 	fixCross: autoDraw = False
263.5959 	EXP 	russellsQuad: image = 'Russells-emotion-model.jpg'
263.5959 	EXP 	russellsQuad: autoDraw = True
280.4995 	DATA 	Mouse: Left button down, pos=(887,321)
280.5218 	DATA 	[ 0.0447619  -0.19428571]
280.5387 	EXP 	russellsQuad: autoDraw = False
280.5387 	EXP 	fixCross: autoDraw = True
280.6349 	DATA 	Mouse:  Left button up, pos=(887,321)
282.5400 	EXP 	New trial (rep=14, index=0): None
283.0021 	EXP 	fixCross: autoDraw = False
283.0021 	EXP 	russellsQuad: image = 'Russells-emotion-model.jpg'
283.0021 	EXP 	russellsQuad: autoDraw = True
303.7691 	DATA 	Mouse: Left button down, pos=(877,293)
303.7699 	DATA 	[ 0.0352381  -0.22095238]
303.7870 	EXP 	russellsQuad: autoDraw = False
303.7870 	EXP 	fixCross: autoDraw = True
303.9133 	DATA 	Mouse:  Left button up, pos=(877,293)
305.7895 	EXP 	New trial (rep=15, index=0): None
306.2802 	EXP 	fixCross: autoDraw = False
306.2802 	EXP 	russellsQuad: image = 'Russells-emotion-model.jpg'
306.2802 	EXP 	russellsQuad: autoDraw = True
321.5563 	DATA 	Mouse: Left button down, pos=(981,767)
321.5572 	DATA 	[0.13428571 0.23047619]
321.5759 	EXP 	russellsQuad: autoDraw = False
321.5759 	EXP 	fixCross: autoDraw = True
321.6372 	DATA 	Mouse:  Left button up, pos=(981,767)
323.5713 	EXP 	New trial (rep=16, index=0): None
324.0866 	EXP 	fixCross: autoDraw = False
324.0866 	EXP 	russellsQuad: image = 'Russells-emotion-model.jpg'
324.0866 	EXP 	russellsQuad: autoDraw = True
341.5504 	DATA 	Mouse: Left button down, pos=(894,705)
341.5704 	DATA 	[0.05142857 0.17142857]
341.5881 	EXP 	russellsQuad: autoDraw = False
341.5881 	EXP 	fixCross: autoDraw = True
341.6643 	DATA 	Mouse:  Left button up, pos=(894,705)
343.5873 	EXP 	New trial (rep=17, index=0): None
344.1021 	EXP 	fixCross: autoDraw = False
344.1021 	EXP 	russellsQuad: image = 'Russells-emotion-model.jpg'
344.1021 	EXP 	russellsQuad: autoDraw = True
359.5775 	DATA 	Mouse: Left button down, pos=(1082,335)
359.5790 	DATA 	[ 0.23047619 -0.18095238]
359.5988 	EXP 	russellsQuad: autoDraw = False
359.5988 	EXP 	fixCross: autoDraw = True
359.6383 	DATA 	Mouse:  Left button up, pos=(1081,335)
361.5843 	EXP 	New trial (rep=18, index=0): None
362.0715 	EXP 	fixCross: autoDraw = False
362.0715 	EXP 	fixCross: autoDraw = False
362.0715 	EXP 	russellsQuad: image = 'Russells-emotion-model.jpg'
362.0715 	EXP 	russellsQuad: autoDraw = True
376.9379 	DATA 	Mouse: Left button down, pos=(925,695)
376.9387 	DATA 	[0.08095238 0.16190476]
376.9573 	EXP 	russellsQuad: autoDraw = False
376.9573 	EXP 	fixCross: autoDraw = True
377.0885 	DATA 	Mouse:  Left button up, pos=(925,695)
378.9520 	EXP 	New trial (rep=19, index=0): None
379.3988 	EXP 	fixCross: autoDraw = False
379.3988 	EXP 	russellsQuad: image = 'Russells-emotion-model.jpg'
379.3988 	EXP 	russellsQuad: autoDraw = True
395.7841 	DATA 	Mouse: Left button down, pos=(893,571)
395.7850 	DATA 	[0.05047619 0.04380952]
395.8019 	EXP 	russellsQuad: autoDraw = False
395.8019 	EXP 	fixCross: autoDraw = True
395.8855 	DATA 	Mouse:  Left button up, pos=(893,571)
397.7988 	EXP 	New trial (rep=20, index=0): None
398.2478 	EXP 	fixCross: autoDraw = False
398.2478 	EXP 	russellsQuad: image = 'Russells-emotion-model.jpg'
398.2478 	EXP 	russellsQuad: autoDraw = True
411.0889 	DATA 	Mouse: Left button down, pos=(1074,789)
411.0900 	DATA 	[0.22285714 0.25142857]
411.1063 	EXP 	russellsQuad: autoDraw = False
411.1063 	EXP 	fixCross: autoDraw = True
411.2622 	DATA 	Mouse:  Left button up, pos=(1074,789)
413.1026 	EXP 	New trial (rep=21, index=0): None
413.5528 	EXP 	fixCross: autoDraw = False
413.5528 	EXP 	russellsQuad: image = 'Russells-emotion-model.jpg'
413.5528 	EXP 	russellsQuad: autoDraw = True
427.4137 	DATA 	Mouse: Left button down, pos=(1092,595)
427.4147 	DATA 	[0.24       0.06666667]
427.4310 	EXP 	russellsQuad: autoDraw = False
427.4310 	EXP 	fixCross: autoDraw = True
427.5530 	DATA 	Mouse:  Left button up, pos=(1092,595)
429.4204 	EXP 	New trial (rep=22, index=0): None
429.8809 	EXP 	fixCross: autoDraw = False
429.8809 	EXP 	fixCross: autoDraw = False
429.8809 	EXP 	russellsQuad: image = 'Russells-emotion-model.jpg'
429.8809 	EXP 	russellsQuad: autoDraw = True
450.5974 	DATA 	Mouse: Left button down, pos=(1005,782)
450.5985 	DATA 	[0.15714286 0.2447619 ]
450.6171 	EXP 	russellsQuad: autoDraw = False
450.6171 	EXP 	fixCross: autoDraw = True
450.7291 	DATA 	Mouse:  Left button up, pos=(1005,782)
452.6202 	EXP 	New trial (rep=23, index=0): None
453.1068 	EXP 	fixCross: autoDraw = False
453.1068 	EXP 	russellsQuad: image = 'Russells-emotion-model.jpg'
453.1068 	EXP 	russellsQuad: autoDraw = True
471.7093 	DATA 	Mouse: Left button down, pos=(1008,463)
471.7103 	DATA 	[ 0.16       -0.05904762]
471.7290 	EXP 	russellsQuad: autoDraw = False
471.7290 	EXP 	fixCross: autoDraw = True
471.8342 	DATA 	Mouse:  Left button up, pos=(1008,463)
473.7315 	EXP 	fixCross: autoDraw = False
473.7315 	EXP 	goodbyetext: autoDraw = True
475.7318 	EXP 	goodbyetext: autoDraw = False
476.3356 	EXP 	window1: mouseVisible = True
