1.3357 	WARNING 	We strongly recommend you activate the PTB sound engine in PsychoPy prefs as the preferred audio engine. Its timing is vastly superior. Your prefs are currently set to use ['sounddevice', 'PTB', 'pyo', 'pygame'] (in that order).
11.8170 	DATA 	Mouse: Left button down, pos=(581,644)
11.9847 	DATA 	Mouse:  Left button up, pos=(581,646)
12.0294 	WARNING 	Couldn't measure a consistent frame rate.
  - Is your graphics card set to sync to vertical blank?
  - Are you running other processes on your computer?

12.0324 	EXP 	Created window1 = Window(allowGUI=False, allowStencil=False, autoLog=True, backendConf=UNKNOWN, bitsMode=UNKNOWN, blendMode='avg', bpc=(8, 8, 8), color=array([0, 0, 0]), colorSpace='rgb', depthBits=8, fullscr=<method-wrapper '__getattribute__' of attributeSetter object at 0x7fef18bc8ac8>, gamma=None, gammaErrorPolicy='raise', lms=UNKNOWN, monitor=<psychopy.monitors.calibTools.Monitor object at 0x7fef163f5b38>, multiSample=False, name='window1', numSamples=2, pos=[420.0, 262.5], screen=0, size=array([3360, 2100]), stencilBits=0, stereo=False, units='height', useFBO=True, useRetina=True, viewOri=0.0, viewPos=None, viewScale=None, waitBlanking=True, winType='pyglet')
12.0332 	EXP 	window1: mouseVisible = True
12.0333 	EXP 	window1: recordFrameIntervals = False
12.1990 	EXP 	window1: recordFrameIntervals = True
12.3499 	WARNING 	t of last frame was 21.64ms (=1/46)
13.1985 	EXP 	window1: recordFrameIntervals = True
14.1515 	EXP 	Created starttext = TextStim(__class__=<class 'psychopy.visual.text.TextStim'>, alignHoriz=method-wrapper(...), alignText='center', alignVert=method-wrapper(...), anchorHoriz='center', anchorVert='center', antialias=True, autoLog=True, bold=False, color=array([1., 1., 1.]), colorSpace='rgb', contrast=1.0, depth=0.0, flipHoriz=False, flipVert=False, font='Open Sans', fontFiles=[], height=0.1, italic=False, languageStyle='LTR', name='starttext', opacity=1, ori=0.0, pos=array([0., 0.]), rgb=UNKNOWN, text=str(...), units='height', win=Window(...), wrapWidth=1)
14.1570 	EXP 	Created russellsQuad = ImageStim(__class__=<class 'psychopy.visual.image.ImageStim'>, autoLog=True, color=array([1., 1., 1.]), colorSpace='rgb', contrast=1.0, depth=-1.0, flipHoriz=False, flipVert=False, image='sin', interpolate=True, mask=None, maskParams=None, name='russellsQuad', opacity=1, ori=0.0, pos=array([0., 0.]), size=array([0.9, 0.9]), texRes=128.0, units='height', win=Window(...))
14.4329 	EXP 	Sound music set volume 1.000
14.4333 	EXP 	window1: mouseVisible = True
14.4403 	EXP 	Created fixCross = TextStim(__class__=<class 'psychopy.visual.text.TextStim'>, alignHoriz=method-wrapper(...), alignText='center', alignVert=method-wrapper(...), anchorHoriz='center', anchorVert='center', antialias=True, autoLog=True, bold=False, color=array([1., 1., 1.]), colorSpace='rgb', contrast=1.0, depth=0.0, flipHoriz=False, flipVert=False, font='Open Sans', fontFiles=[], height=0.1, italic=False, languageStyle='LTR', name='fixCross', opacity=1, ori=0.0, pos=array([0., 0.]), rgb=UNKNOWN, text='+', units='height', win=Window(...), wrapWidth=1)
14.4465 	EXP 	Created goodbyetext = TextStim(__class__=<class 'psychopy.visual.text.TextStim'>, alignHoriz=method-wrapper(...), alignText='center', alignVert=method-wrapper(...), anchorHoriz='center', anchorVert='center', antialias=True, autoLog=True, bold=False, color=array([1., 1., 1.]), colorSpace='rgb', contrast=1.0, depth=0.0, flipHoriz=False, flipVert=False, font='Open Sans', fontFiles=[], height=0.1, italic=False, languageStyle='LTR', name='goodbyetext', opacity=1, ori=0.0, pos=array([0., 0.]), rgb=UNKNOWN, text='Terminado.', units='height', win=Window(...), wrapWidth=1)
14.4719 	WARNING 	t of last frame was 1274.86ms (=1/0)
14.4719 	EXP 	starttext: autoDraw = True
14.5031 	WARNING 	t of last frame was 31.16ms (=1/32)
14.5432 	WARNING 	t of last frame was 20.86ms (=1/47)
14.5664 	WARNING 	Multiple dropped frames have occurred - I'll stop bothering you about them!
16.4654 	EXP 	Created sequence: random, trialTypes=1, nReps=24, seed=None
16.4659 	EXP 	New trial (rep=0, index=0): None
17.0659 	EXP 	starttext: autoDraw = False
17.0659 	EXP 	russellsQuad: image = 'Russells-emotion-model.jpg'
17.0659 	EXP 	russellsQuad: autoDraw = True
25.8930 	DATA 	Mouse: Left button down, pos=(898,571)
25.8947 	DATA 	[0.0552381  0.04380952]
25.9147 	EXP 	russellsQuad: autoDraw = False
25.9147 	EXP 	fixCross: autoDraw = True
25.9957 	DATA 	Mouse:  Left button up, pos=(898,571)
27.9018 	EXP 	New trial (rep=1, index=0): None
28.5372 	EXP 	fixCross: autoDraw = False
28.5372 	EXP 	fixCross: autoDraw = False
28.5372 	EXP 	russellsQuad: image = 'Russells-emotion-model.jpg'
28.5372 	EXP 	russellsQuad: autoDraw = True
34.3696 	DATA 	Mouse: Left button down, pos=(823,705)
34.3908 	DATA 	[-0.01619048  0.17142857]
34.4091 	EXP 	russellsQuad: autoDraw = False
34.4091 	EXP 	fixCross: autoDraw = True
34.5353 	DATA 	Mouse:  Left button up, pos=(823,705)
36.4098 	EXP 	New trial (rep=2, index=0): None
36.9391 	EXP 	fixCross: autoDraw = False
36.9391 	EXP 	russellsQuad: image = 'Russells-emotion-model.jpg'
36.9391 	EXP 	russellsQuad: autoDraw = True
40.5962 	DATA 	Mouse: Left button down, pos=(635,759)
40.5971 	DATA 	[-0.1952381   0.22285714]
40.6165 	EXP 	russellsQuad: autoDraw = False
40.6165 	EXP 	fixCross: autoDraw = True
40.7232 	DATA 	Mouse:  Left button up, pos=(635,759)
42.6177 	EXP 	New trial (rep=3, index=0): None
43.3848 	EXP 	fixCross: autoDraw = False
43.3848 	EXP 	russellsQuad: image = 'Russells-emotion-model.jpg'
43.3848 	EXP 	russellsQuad: autoDraw = True
47.2871 	DATA 	Mouse: Left button down, pos=(964,661)
47.2880 	DATA 	[0.11809524 0.12952381]
47.3080 	EXP 	russellsQuad: autoDraw = False
47.3080 	EXP 	fixCross: autoDraw = True
47.3875 	DATA 	Mouse:  Left button up, pos=(964,661)
49.3106 	EXP 	New trial (rep=4, index=0): None
49.9307 	EXP 	fixCross: autoDraw = False
49.9307 	EXP 	russellsQuad: image = 'Russells-emotion-model.jpg'
49.9307 	EXP 	russellsQuad: autoDraw = True
59.5267 	DATA 	Mouse: Left button down, pos=(863,729)
59.5277 	DATA 	[0.02190476 0.19428571]
59.5527 	EXP 	russellsQuad: autoDraw = False
59.5527 	EXP 	fixCross: autoDraw = True
59.6242 	DATA 	Mouse:  Left button up, pos=(863,729)
61.5440 	EXP 	New trial (rep=5, index=0): None
62.2874 	EXP 	fixCross: autoDraw = False
62.2874 	EXP 	russellsQuad: image = 'Russells-emotion-model.jpg'
62.2874 	EXP 	russellsQuad: autoDraw = True
69.3698 	DATA 	Mouse: Left button down, pos=(801,480)
69.3708 	DATA 	[-0.03714286 -0.04285714]
69.3914 	EXP 	russellsQuad: autoDraw = False
69.3914 	EXP 	fixCross: autoDraw = True
69.4374 	DATA 	Mouse:  Left button up, pos=(801,480)
71.3805 	EXP 	New trial (rep=6, index=0): None
72.0999 	EXP 	fixCross: autoDraw = False
72.0999 	EXP 	fixCross: autoDraw = False
72.0999 	EXP 	russellsQuad: image = 'Russells-emotion-model.jpg'
72.0999 	EXP 	russellsQuad: autoDraw = True
80.2683 	DATA 	Mouse: Left button down, pos=(682,356)
80.2697 	DATA 	[-0.15047619 -0.16095238]
80.2893 	EXP 	russellsQuad: autoDraw = False
80.2893 	EXP 	fixCross: autoDraw = True
80.4041 	DATA 	Mouse:  Left button up, pos=(682,356)
82.2842 	EXP 	New trial (rep=7, index=0): None
82.9018 	EXP 	fixCross: autoDraw = False
82.9018 	EXP 	russellsQuad: image = 'Russells-emotion-model.jpg'
82.9018 	EXP 	russellsQuad: autoDraw = True
88.0718 	DATA 	Mouse: Left button down, pos=(990,720)
88.0727 	DATA 	[0.14285714 0.18571429]
88.0905 	EXP 	russellsQuad: autoDraw = False
88.0905 	EXP 	fixCross: autoDraw = True
88.1836 	DATA 	Mouse:  Left button up, pos=(990,720)
90.0899 	EXP 	New trial (rep=8, index=0): None
90.6065 	EXP 	fixCross: autoDraw = False
90.6065 	EXP 	russellsQuad: image = 'Russells-emotion-model.jpg'
90.6065 	EXP 	russellsQuad: autoDraw = True
101.7070 	DATA 	Mouse: Left button down, pos=(877,484)
101.7078 	DATA 	[ 0.0352381  -0.03904762]
101.7260 	EXP 	russellsQuad: autoDraw = False
101.7260 	EXP 	fixCross: autoDraw = True
101.7864 	DATA 	Mouse:  Left button up, pos=(877,484)
103.7309 	EXP 	New trial (rep=9, index=0): None
104.2886 	EXP 	fixCross: autoDraw = False
104.2886 	EXP 	russellsQuad: image = 'Russells-emotion-model.jpg'
104.2886 	EXP 	russellsQuad: autoDraw = True
106.2270 	DATA 	Mouse: Left button down, pos=(556,848)
106.2478 	DATA 	[-0.27047619  0.30761905]
106.2652 	EXP 	russellsQuad: autoDraw = False
106.2652 	EXP 	fixCross: autoDraw = True
106.3396 	DATA 	Mouse:  Left button up, pos=(556,848)
108.2556 	EXP 	New trial (rep=10, index=0): None
108.7703 	EXP 	fixCross: autoDraw = False
108.7703 	EXP 	russellsQuad: image = 'Russells-emotion-model.jpg'
108.7703 	EXP 	russellsQuad: autoDraw = True
118.8459 	DATA 	Mouse: Left button down, pos=(865,755)
118.8478 	DATA 	[0.02380952 0.21904762]
118.8664 	EXP 	russellsQuad: autoDraw = False
118.8664 	EXP 	fixCross: autoDraw = True
118.9253 	DATA 	Mouse:  Left button up, pos=(865,755)
120.8594 	EXP 	New trial (rep=11, index=0): None
121.4305 	EXP 	fixCross: autoDraw = False
121.4305 	EXP 	russellsQuad: image = 'Russells-emotion-model.jpg'
121.4305 	EXP 	russellsQuad: autoDraw = True
124.6200 	DATA 	Mouse: Left button down, pos=(760,596)
124.6208 	DATA 	[-0.07619048  0.06761905]
124.6377 	EXP 	russellsQuad: autoDraw = False
124.6377 	EXP 	fixCross: autoDraw = True
124.7137 	DATA 	Mouse:  Left button up, pos=(760,596)
126.6382 	EXP 	New trial (rep=12, index=0): None
127.1690 	EXP 	fixCross: autoDraw = False
127.1690 	EXP 	russellsQuad: image = 'Russells-emotion-model.jpg'
127.1690 	EXP 	russellsQuad: autoDraw = True
133.7046 	DATA 	Mouse: Left button down, pos=(939,418)
133.7056 	DATA 	[ 0.09428571 -0.10190476]
133.7265 	EXP 	russellsQuad: autoDraw = False
133.7265 	EXP 	fixCross: autoDraw = True
133.8442 	DATA 	Mouse:  Left button up, pos=(939,418)
135.7185 	EXP 	New trial (rep=13, index=0): None
136.2947 	EXP 	fixCross: autoDraw = False
136.2947 	EXP 	russellsQuad: image = 'Russells-emotion-model.jpg'
136.2947 	EXP 	russellsQuad: autoDraw = True
144.6323 	DATA 	Mouse: Left button down, pos=(901,585)
144.6531 	DATA 	[0.05809524 0.05714286]
144.6716 	EXP 	russellsQuad: autoDraw = False
144.6716 	EXP 	fixCross: autoDraw = True
144.7307 	DATA 	Mouse:  Left button up, pos=(901,585)
146.6708 	EXP 	New trial (rep=14, index=0): None
147.2321 	EXP 	fixCross: autoDraw = False
147.2321 	EXP 	russellsQuad: image = 'Russells-emotion-model.jpg'
147.2321 	EXP 	russellsQuad: autoDraw = True
150.8689 	DATA 	Mouse: Left button down, pos=(854,272)
150.8698 	DATA 	[ 0.01333333 -0.24095238]
150.8862 	EXP 	russellsQuad: autoDraw = False
150.8862 	EXP 	fixCross: autoDraw = True
150.9578 	DATA 	Mouse:  Left button up, pos=(854,272)
152.8772 	EXP 	New trial (rep=15, index=0): None
153.4269 	EXP 	fixCross: autoDraw = False
153.4269 	EXP 	russellsQuad: image = 'Russells-emotion-model.jpg'
153.4269 	EXP 	russellsQuad: autoDraw = True
157.1852 	DATA 	Mouse: Left button down, pos=(570,825)
157.1859 	DATA 	[-0.25714286  0.28571429]
157.2024 	EXP 	russellsQuad: autoDraw = False
157.2024 	EXP 	fixCross: autoDraw = True
157.2753 	DATA 	Mouse:  Left button up, pos=(570,825)
159.2023 	EXP 	New trial (rep=16, index=0): None
160.3847 	EXP 	fixCross: autoDraw = False
160.3847 	EXP 	russellsQuad: image = 'Russells-emotion-model.jpg'
160.3847 	EXP 	russellsQuad: autoDraw = True
162.1872 	DATA 	Mouse: Left button down, pos=(584,821)
162.2107 	DATA 	[-0.24380952  0.28190476]
162.2287 	EXP 	russellsQuad: autoDraw = False
162.2287 	EXP 	fixCross: autoDraw = True
162.2905 	DATA 	Mouse:  Left button up, pos=(584,821)
164.2223 	EXP 	New trial (rep=17, index=0): None
164.8624 	EXP 	fixCross: autoDraw = False
164.8624 	EXP 	russellsQuad: image = 'Russells-emotion-model.jpg'
164.8624 	EXP 	russellsQuad: autoDraw = True
170.3659 	DATA 	Mouse: Left button down, pos=(856,723)
170.3673 	DATA 	[0.0152381  0.18857143]
170.3893 	EXP 	russellsQuad: autoDraw = False
170.3893 	EXP 	fixCross: autoDraw = True
170.4901 	DATA 	Mouse:  Left button up, pos=(856,723)
172.3768 	EXP 	New trial (rep=18, index=0): None
172.9504 	EXP 	fixCross: autoDraw = False
172.9504 	EXP 	russellsQuad: image = 'Russells-emotion-model.jpg'
172.9504 	EXP 	russellsQuad: autoDraw = True
181.0286 	DATA 	Mouse: Left button down, pos=(984,683)
181.0500 	DATA 	[0.13714286 0.15047619]
181.0679 	EXP 	russellsQuad: autoDraw = False
181.0679 	EXP 	fixCross: autoDraw = True
181.1401 	DATA 	Mouse:  Left button up, pos=(984,683)
183.0584 	EXP 	New trial (rep=19, index=0): None
183.6355 	EXP 	fixCross: autoDraw = False
183.6355 	EXP 	russellsQuad: image = 'Russells-emotion-model.jpg'
183.6355 	EXP 	russellsQuad: autoDraw = True
190.5169 	DATA 	Mouse: Left button down, pos=(948,396)
190.5391 	DATA 	[ 0.10285714 -0.12285714]
190.5573 	EXP 	russellsQuad: autoDraw = False
190.5573 	EXP 	fixCross: autoDraw = True
190.6331 	DATA 	Mouse:  Left button up, pos=(948,396)
192.5534 	EXP 	New trial (rep=20, index=0): None
193.0998 	EXP 	fixCross: autoDraw = False
193.0998 	EXP 	russellsQuad: image = 'Russells-emotion-model.jpg'
193.0998 	EXP 	russellsQuad: autoDraw = True
195.9332 	DATA 	Mouse: Left button down, pos=(766,442)
195.9341 	DATA 	[-0.07047619 -0.07904762]
195.9514 	EXP 	russellsQuad: autoDraw = False
195.9514 	EXP 	fixCross: autoDraw = True
195.9979 	DATA 	Mouse:  Left button up, pos=(766,442)
197.9493 	EXP 	New trial (rep=21, index=0): None
198.4867 	EXP 	fixCross: autoDraw = False
198.4867 	EXP 	russellsQuad: image = 'Russells-emotion-model.jpg'
198.4867 	EXP 	russellsQuad: autoDraw = True
207.5375 	DATA 	Mouse: Left button down, pos=(768,593)
207.5385 	DATA 	[-0.06857143  0.0647619 ]
207.5569 	EXP 	russellsQuad: autoDraw = False
207.5569 	EXP 	fixCross: autoDraw = True
207.6834 	DATA 	Mouse:  Left button up, pos=(768,593)
209.5508 	EXP 	New trial (rep=22, index=0): None
210.1048 	EXP 	fixCross: autoDraw = False
210.1048 	EXP 	russellsQuad: image = 'Russells-emotion-model.jpg'
210.1048 	EXP 	russellsQuad: autoDraw = True
215.1110 	DATA 	Mouse: Left button down, pos=(676,311)
215.1129 	DATA 	[-0.15619048 -0.20380952]
215.1293 	EXP 	russellsQuad: autoDraw = False
215.1293 	EXP 	fixCross: autoDraw = True
215.2188 	DATA 	Mouse:  Left button up, pos=(676,311)
217.1305 	EXP 	New trial (rep=23, index=0): None
217.6070 	EXP 	fixCross: autoDraw = False
217.6070 	EXP 	russellsQuad: image = 'Russells-emotion-model.jpg'
217.6070 	EXP 	russellsQuad: autoDraw = True
227.2009 	DATA 	Mouse: Left button down, pos=(877,698)
227.2016 	DATA 	[0.0352381 0.1647619]
227.2200 	EXP 	russellsQuad: autoDraw = False
227.2200 	EXP 	fixCross: autoDraw = True
227.2964 	DATA 	Mouse:  Left button up, pos=(877,698)
229.2230 	EXP 	fixCross: autoDraw = False
229.2230 	EXP 	fixCross: autoDraw = False
229.2230 	EXP 	goodbyetext: autoDraw = True
231.2358 	EXP 	goodbyetext: autoDraw = False
231.8192 	EXP 	window1: mouseVisible = True
