1.8217 	WARNING 	We strongly recommend you activate the PTB sound engine in PsychoPy prefs as the preferred audio engine. Its timing is vastly superior. Your prefs are currently set to use ['sounddevice', 'PTB', 'pyo', 'pygame'] (in that order).
20.2418 	WARNING 	Couldn't measure a consistent frame rate.
  - Is your graphics card set to sync to vertical blank?
  - Are you running other processes on your computer?

20.2425 	EXP 	Created window1 = Window(allowGUI=False, allowStencil=False, autoLog=True, backendConf=UNKNOWN, bitsMode=UNKNOWN, blendMode='avg', bpc=(8, 8, 8), color=array([0, 0, 0]), colorSpace='rgb', depthBits=8, fullscr=<method-wrapper '__getattribute__' of attributeSetter object at 0x7f7fa5f0fac8>, gamma=None, gammaErrorPolicy='raise', lms=UNKNOWN, monitor=<psychopy.monitors.calibTools.Monitor object at 0x7f7fc333eb70>, multiSample=False, name='window1', numSamples=2, pos=[420.0, 262.5], screen=0, size=array([3360, 2100]), stencilBits=0, stereo=False, units='height', useFBO=True, useRetina=True, viewOri=0.0, viewPos=None, viewScale=None, waitBlanking=True, winType='pyglet')
20.2436 	EXP 	window1: mouseVisible = True
20.2438 	EXP 	window1: recordFrameIntervals = False
20.4153 	EXP 	window1: recordFrameIntervals = True
20.4797 	WARNING 	t of last frame was 20.68ms (=1/48)
20.5121 	WARNING 	t of last frame was 20.20ms (=1/49)
20.6956 	WARNING 	t of last frame was 25.32ms (=1/39)
20.9122 	WARNING 	t of last frame was 24.86ms (=1/40)
21.0124 	WARNING 	Multiple dropped frames have occurred - I'll stop bothering you about them!
22.0130 	WARNING 	Couldn't measure a consistent frame rate.
  - Is your graphics card set to sync to vertical blank?
  - Are you running other processes on your computer?

23.3254 	EXP 	Created starttext = TextStim(__class__=<class 'psychopy.visual.text.TextStim'>, alignHoriz=method-wrapper(...), alignText='center', alignVert=method-wrapper(...), anchorHoriz='center', anchorVert='center', antialias=True, autoLog=True, bold=False, color=array([1., 1., 1.]), colorSpace='rgb', contrast=1.0, depth=0.0, flipHoriz=False, flipVert=False, font='Open Sans', fontFiles=[], height=0.1, italic=False, languageStyle='LTR', name='starttext', opacity=1, ori=0.0, pos=array([0., 0.]), rgb=UNKNOWN, text=str(...), units='height', win=Window(...), wrapWidth=1)
23.3321 	EXP 	Created russellsQuad = ImageStim(__class__=<class 'psychopy.visual.image.ImageStim'>, autoLog=True, color=array([1., 1., 1.]), colorSpace='rgb', contrast=1.0, depth=-1.0, flipHoriz=False, flipVert=False, image='sin', interpolate=True, mask=None, maskParams=None, name='russellsQuad', opacity=1, ori=0.0, pos=array([0., 0.]), size=array([0.9, 0.9]), texRes=128.0, units='height', win=Window(...))
23.5929 	EXP 	Sound music set volume 1.000
23.5932 	EXP 	window1: mouseVisible = True
23.5987 	EXP 	Created fixCross = TextStim(__class__=<class 'psychopy.visual.text.TextStim'>, alignHoriz=method-wrapper(...), alignText='center', alignVert=method-wrapper(...), anchorHoriz='center', anchorVert='center', antialias=True, autoLog=True, bold=False, color=array([1., 1., 1.]), colorSpace='rgb', contrast=1.0, depth=0.0, flipHoriz=False, flipVert=False, font='Open Sans', fontFiles=[], height=0.1, italic=False, languageStyle='LTR', name='fixCross', opacity=1, ori=0.0, pos=array([0., 0.]), rgb=UNKNOWN, text='+', units='height', win=Window(...), wrapWidth=1)
23.6045 	EXP 	Created goodbyetext = TextStim(__class__=<class 'psychopy.visual.text.TextStim'>, alignHoriz=method-wrapper(...), alignText='center', alignVert=method-wrapper(...), anchorHoriz='center', anchorVert='center', antialias=True, autoLog=True, bold=False, color=array([1., 1., 1.]), colorSpace='rgb', contrast=1.0, depth=0.0, flipHoriz=False, flipVert=False, font='Open Sans', fontFiles=[], height=0.1, italic=False, languageStyle='LTR', name='goodbyetext', opacity=1, ori=0.0, pos=array([0., 0.]), rgb=UNKNOWN, text='Terminado.', units='height', win=Window(...), wrapWidth=1)
23.6317 	EXP 	starttext: autoDraw = True
25.6212 	EXP 	Created sequence: random, trialTypes=1, nReps=24, seed=None
25.6217 	EXP 	New trial (rep=0, index=0): None
26.2425 	EXP 	starttext: autoDraw = False
26.2425 	EXP 	russellsQuad: image = 'Russells-emotion-model.jpg'
26.2425 	EXP 	russellsQuad: autoDraw = True
30.7236 	DATA 	Mouse: Left button down, pos=(979,460)
30.7245 	DATA 	[ 0.13238095 -0.06190476]
30.7417 	EXP 	russellsQuad: autoDraw = False
30.7417 	EXP 	fixCross: autoDraw = True
30.8136 	DATA 	Mouse:  Left button up, pos=(979,460)
32.7397 	EXP 	New trial (rep=1, index=0): None
33.2259 	EXP 	fixCross: autoDraw = False
33.2259 	EXP 	russellsQuad: image = 'Russells-emotion-model.jpg'
33.2259 	EXP 	russellsQuad: autoDraw = True
41.6467 	DATA 	Mouse: Left button down, pos=(900,206)
41.6476 	DATA 	[ 0.05714286 -0.30380952]
41.6633 	EXP 	russellsQuad: autoDraw = False
41.6633 	EXP 	fixCross: autoDraw = True
41.7334 	DATA 	Mouse:  Left button up, pos=(900,206)
43.6607 	EXP 	New trial (rep=2, index=0): None
44.1489 	EXP 	fixCross: autoDraw = False
44.1489 	EXP 	russellsQuad: image = 'Russells-emotion-model.jpg'
44.1489 	EXP 	russellsQuad: autoDraw = True
50.4320 	DATA 	Mouse: Left button down, pos=(1094,591)
50.4526 	DATA 	[0.24190476 0.06285714]
50.4706 	EXP 	russellsQuad: autoDraw = False
50.4706 	EXP 	fixCross: autoDraw = True
50.5475 	DATA 	Mouse:  Left button up, pos=(1094,591)
52.4641 	EXP 	New trial (rep=3, index=0): None
52.9892 	EXP 	fixCross: autoDraw = False
52.9892 	EXP 	russellsQuad: image = 'Russells-emotion-model.jpg'
52.9892 	EXP 	russellsQuad: autoDraw = True
56.3655 	DATA 	Mouse: Left button down, pos=(1079,581)
56.3663 	DATA 	[0.22761905 0.05333333]
56.3832 	EXP 	russellsQuad: autoDraw = False
56.3832 	EXP 	fixCross: autoDraw = True
56.4882 	DATA 	Mouse:  Left button up, pos=(1079,581)
58.3796 	EXP 	New trial (rep=4, index=0): None
58.8677 	EXP 	fixCross: autoDraw = False
58.8677 	EXP 	russellsQuad: image = 'Russells-emotion-model.jpg'
58.8677 	EXP 	russellsQuad: autoDraw = True
64.2399 	DATA 	Mouse: Left button down, pos=(1081,634)
64.2407 	DATA 	[0.22952381 0.10380952]
64.2598 	EXP 	russellsQuad: autoDraw = False
64.2598 	EXP 	fixCross: autoDraw = True
64.3481 	DATA 	Mouse:  Left button up, pos=(1081,634)
66.2527 	EXP 	New trial (rep=5, index=0): None
66.7822 	EXP 	fixCross: autoDraw = False
66.7822 	EXP 	russellsQuad: image = 'Russells-emotion-model.jpg'
66.7822 	EXP 	russellsQuad: autoDraw = True
73.4831 	DATA 	Mouse: Left button down, pos=(1087,449)
73.4843 	DATA 	[ 0.23428571 -0.07238095]
73.5015 	EXP 	russellsQuad: autoDraw = False
73.5015 	EXP 	fixCross: autoDraw = True
73.6162 	DATA 	Mouse:  Left button up, pos=(1086,449)
75.4975 	EXP 	New trial (rep=6, index=0): None
75.9493 	EXP 	fixCross: autoDraw = False
75.9493 	EXP 	russellsQuad: image = 'Russells-emotion-model.jpg'
75.9493 	EXP 	russellsQuad: autoDraw = True
84.9959 	DATA 	Mouse: Left button down, pos=(918,209)
84.9968 	DATA 	[ 0.07428571 -0.30095238]
85.0141 	EXP 	russellsQuad: autoDraw = False
85.0141 	EXP 	fixCross: autoDraw = True
85.1050 	DATA 	Mouse:  Left button up, pos=(918,209)
87.0133 	EXP 	New trial (rep=7, index=0): None
87.5166 	EXP 	fixCross: autoDraw = False
87.5166 	EXP 	russellsQuad: image = 'Russells-emotion-model.jpg'
87.5166 	EXP 	russellsQuad: autoDraw = True
95.3303 	DATA 	Mouse: Left button down, pos=(913,208)
95.3523 	DATA 	[ 0.06952381 -0.30190476]
95.3704 	EXP 	russellsQuad: autoDraw = False
95.3704 	EXP 	fixCross: autoDraw = True
95.4435 	DATA 	Mouse:  Left button up, pos=(913,208)
97.3690 	EXP 	New trial (rep=8, index=0): None
97.8749 	EXP 	fixCross: autoDraw = False
97.8749 	EXP 	russellsQuad: image = 'Russells-emotion-model.jpg'
97.8749 	EXP 	russellsQuad: autoDraw = True
107.0520 	DATA 	Mouse: Left button down, pos=(1057,583)
107.0528 	DATA 	[0.20666667 0.0552381 ]
107.0702 	EXP 	russellsQuad: autoDraw = False
107.0702 	EXP 	fixCross: autoDraw = True
107.2772 	DATA 	Mouse:  Left button up, pos=(1057,583)
109.0696 	EXP 	New trial (rep=9, index=0): None
109.5823 	EXP 	fixCross: autoDraw = False
109.5823 	EXP 	russellsQuad: image = 'Russells-emotion-model.jpg'
109.5823 	EXP 	russellsQuad: autoDraw = True
119.2630 	DATA 	Mouse: Left button down, pos=(784,465)
119.2637 	DATA 	[-0.05333333 -0.05714286]
119.2825 	EXP 	russellsQuad: autoDraw = False
119.2825 	EXP 	fixCross: autoDraw = True
119.6162 	DATA 	Mouse:  Left button up, pos=(784,465)
121.2858 	EXP 	New trial (rep=10, index=0): None
121.8187 	EXP 	fixCross: autoDraw = False
121.8187 	EXP 	russellsQuad: image = 'Russells-emotion-model.jpg'
121.8187 	EXP 	russellsQuad: autoDraw = True
129.7633 	DATA 	Mouse: Left button down, pos=(1096,552)
129.7838 	DATA 	[0.24380952 0.02571429]
129.8015 	EXP 	russellsQuad: autoDraw = False
129.8015 	EXP 	fixCross: autoDraw = True
129.8767 	DATA 	Mouse:  Left button up, pos=(1096,552)
131.8011 	EXP 	New trial (rep=11, index=0): None
132.3230 	EXP 	fixCross: autoDraw = False
132.3230 	EXP 	russellsQuad: image = 'Russells-emotion-model.jpg'
132.3230 	EXP 	russellsQuad: autoDraw = True
142.1572 	DATA 	Mouse: Left button down, pos=(976,476)
142.1582 	DATA 	[ 0.12952381 -0.04666667]
142.1775 	EXP 	russellsQuad: autoDraw = False
142.1775 	EXP 	fixCross: autoDraw = True
142.3275 	DATA 	Mouse:  Left button up, pos=(976,476)
144.1805 	EXP 	New trial (rep=12, index=0): None
144.8258 	EXP 	fixCross: autoDraw = False
144.8258 	EXP 	russellsQuad: image = 'Russells-emotion-model.jpg'
144.8258 	EXP 	russellsQuad: autoDraw = True
151.7243 	DATA 	Mouse: Left button down, pos=(925,650)
151.7251 	DATA 	[0.08095238 0.11904762]
151.7438 	EXP 	russellsQuad: autoDraw = False
151.7438 	EXP 	fixCross: autoDraw = True
151.8538 	DATA 	Mouse:  Left button up, pos=(925,650)
153.7362 	EXP 	New trial (rep=13, index=0): None
154.3317 	EXP 	fixCross: autoDraw = False
154.3317 	EXP 	russellsQuad: image = 'Russells-emotion-model.jpg'
154.3317 	EXP 	russellsQuad: autoDraw = True
161.2280 	DATA 	Mouse: Left button down, pos=(976,594)
161.2491 	DATA 	[0.12952381 0.06571429]
161.2671 	EXP 	russellsQuad: autoDraw = False
161.2671 	EXP 	fixCross: autoDraw = True
161.3625 	DATA 	Mouse:  Left button up, pos=(976,594)
163.2629 	EXP 	New trial (rep=14, index=0): None
163.8172 	EXP 	fixCross: autoDraw = False
163.8172 	EXP 	russellsQuad: image = 'Russells-emotion-model.jpg'
163.8172 	EXP 	russellsQuad: autoDraw = True
169.4580 	DATA 	Mouse: Left button down, pos=(1013,446)
169.4592 	DATA 	[ 0.1647619 -0.0752381]
169.4818 	EXP 	russellsQuad: autoDraw = False
169.4818 	EXP 	fixCross: autoDraw = True
169.5792 	DATA 	Mouse:  Left button up, pos=(1013,446)
171.4751 	EXP 	New trial (rep=15, index=0): None
172.0743 	EXP 	fixCross: autoDraw = False
172.0743 	EXP 	russellsQuad: image = 'Russells-emotion-model.jpg'
172.0743 	EXP 	russellsQuad: autoDraw = True
180.5363 	DATA 	Mouse: Left button down, pos=(910,697)
180.5372 	DATA 	[0.06666667 0.16380952]
180.5575 	EXP 	russellsQuad: autoDraw = False
180.5575 	EXP 	fixCross: autoDraw = True
180.6698 	DATA 	Mouse:  Left button up, pos=(910,697)
182.5588 	EXP 	New trial (rep=16, index=0): None
183.1786 	EXP 	fixCross: autoDraw = False
183.1786 	EXP 	russellsQuad: image = 'Russells-emotion-model.jpg'
183.1786 	EXP 	russellsQuad: autoDraw = True
191.4743 	DATA 	Mouse: Left button down, pos=(1004,330)
191.4759 	DATA 	[ 0.15619048 -0.18571429]
191.4974 	EXP 	russellsQuad: autoDraw = False
191.4974 	EXP 	fixCross: autoDraw = True
191.6017 	DATA 	Mouse:  Left button up, pos=(1004,330)
193.5013 	EXP 	New trial (rep=17, index=0): None
194.1163 	EXP 	fixCross: autoDraw = False
194.1163 	EXP 	russellsQuad: image = 'Russells-emotion-model.jpg'
194.1163 	EXP 	russellsQuad: autoDraw = True
200.5147 	DATA 	Mouse: Left button down, pos=(966,209)
200.5388 	DATA 	[ 0.12       -0.30095238]
200.5600 	EXP 	russellsQuad: autoDraw = False
200.5600 	EXP 	fixCross: autoDraw = True
200.6714 	DATA 	Mouse:  Left button up, pos=(966,209)
202.5495 	EXP 	New trial (rep=18, index=0): None
203.1560 	EXP 	fixCross: autoDraw = False
203.1560 	EXP 	fixCross: autoDraw = False
203.1560 	EXP 	russellsQuad: image = 'Russells-emotion-model.jpg'
203.1560 	EXP 	russellsQuad: autoDraw = True
213.1716 	DATA 	Mouse: Left button down, pos=(1008,580)
213.1945 	DATA 	[0.16       0.05238095]
213.2175 	EXP 	russellsQuad: autoDraw = False
213.2175 	EXP 	fixCross: autoDraw = True
213.2799 	DATA 	Mouse:  Left button up, pos=(1008,580)
215.2067 	EXP 	New trial (rep=19, index=0): None
215.7390 	EXP 	fixCross: autoDraw = False
215.7390 	EXP 	russellsQuad: image = 'Russells-emotion-model.jpg'
215.7390 	EXP 	russellsQuad: autoDraw = True
218.7558 	DATA 	Mouse: Left button down, pos=(1003,768)
218.7565 	DATA 	[0.1552381  0.23142857]
218.7727 	EXP 	russellsQuad: autoDraw = False
218.7727 	EXP 	fixCross: autoDraw = True
218.8624 	DATA 	Mouse:  Left button up, pos=(1003,768)
220.7633 	EXP 	New trial (rep=20, index=0): None
221.2445 	EXP 	fixCross: autoDraw = False
221.2445 	EXP 	russellsQuad: image = 'Russells-emotion-model.jpg'
221.2445 	EXP 	russellsQuad: autoDraw = True
227.6150 	DATA 	Mouse: Left button down, pos=(1048,566)
227.6160 	DATA 	[0.19809524 0.03904762]
227.6338 	EXP 	russellsQuad: autoDraw = False
227.6338 	EXP 	fixCross: autoDraw = True
227.7268 	DATA 	Mouse:  Left button up, pos=(1048,566)
229.6281 	EXP 	New trial (rep=21, index=0): None
230.1478 	EXP 	fixCross: autoDraw = False
230.1478 	EXP 	russellsQuad: image = 'Russells-emotion-model.jpg'
230.1478 	EXP 	russellsQuad: autoDraw = True
236.9260 	DATA 	Mouse: Left button down, pos=(1088,675)
236.9278 	DATA 	[0.23619048 0.14285714]
236.9462 	EXP 	russellsQuad: autoDraw = False
236.9462 	EXP 	fixCross: autoDraw = True
237.0874 	DATA 	Mouse:  Left button up, pos=(1088,675)
238.9507 	EXP 	New trial (rep=22, index=0): None
239.4911 	EXP 	fixCross: autoDraw = False
239.4911 	EXP 	russellsQuad: image = 'Russells-emotion-model.jpg'
239.4911 	EXP 	russellsQuad: autoDraw = True
251.0616 	DATA 	Mouse: Left button down, pos=(917,433)
251.0625 	DATA 	[ 0.07333333 -0.08761905]
251.0818 	EXP 	russellsQuad: autoDraw = False
251.0818 	EXP 	fixCross: autoDraw = True
251.2044 	DATA 	Mouse:  Left button up, pos=(917,433)
253.0813 	EXP 	New trial (rep=23, index=0): None
253.5719 	EXP 	fixCross: autoDraw = False
253.5719 	EXP 	russellsQuad: image = 'Russells-emotion-model.jpg'
253.5719 	EXP 	russellsQuad: autoDraw = True
263.7015 	DATA 	Mouse: Left button down, pos=(1014,586)
263.7023 	DATA 	[0.16571429 0.05809524]
263.7201 	EXP 	russellsQuad: autoDraw = False
263.7201 	EXP 	fixCross: autoDraw = True
263.8285 	DATA 	Mouse:  Left button up, pos=(1014,586)
265.7258 	EXP 	fixCross: autoDraw = False
265.7258 	EXP 	fixCross: autoDraw = False
265.7258 	EXP 	goodbyetext: autoDraw = True
266.7141 	DATA 	Mouse: Left button down, pos=(1067,638)
266.7832 	DATA 	Mouse:  Left button up, pos=(1067,638)
267.7291 	EXP 	goodbyetext: autoDraw = False
268.2928 	EXP 	window1: mouseVisible = True
