1.8987 	WARNING 	We strongly recommend you activate the PTB sound engine in PsychoPy prefs as the preferred audio engine. Its timing is vastly superior. Your prefs are currently set to use ['sounddevice', 'PTB', 'pyo', 'pygame'] (in that order).
12.6985 	EXP 	Created window1 = Window(allowGUI=False, allowStencil=False, autoLog=True, backendConf=UNKNOWN, bitsMode=UNKNOWN, blendMode='avg', bpc=(8, 8, 8), color=array([0, 0, 0]), colorSpace='rgb', depthBits=8, fullscr=<method-wrapper '__getattribute__' of attributeSetter object at 0x7fd208b4da90>, gamma=None, gammaErrorPolicy='raise', lms=UNKNOWN, monitor=<psychopy.monitors.calibTools.Monitor object at 0x7fd206260be0>, multiSample=False, name='window1', numSamples=2, pos=[420.0, 262.5], screen=0, size=array([3360, 2100]), stencilBits=0, stereo=False, units='height', useFBO=True, useRetina=True, viewOri=0.0, viewPos=None, viewScale=None, waitBlanking=True, winType='pyglet')
12.6988 	EXP 	window1: mouseVisible = True
12.6988 	EXP 	window1: recordFrameIntervals = False
12.8606 	EXP 	window1: recordFrameIntervals = True
12.9440 	WARNING 	t of last frame was 20.39ms (=1/49)
13.1128 	WARNING 	t of last frame was 20.46ms (=1/48)
13.2272 	WARNING 	t of last frame was 25.15ms (=1/39)
13.2783 	WARNING 	t of last frame was 20.03ms (=1/49)
13.3105 	WARNING 	Multiple dropped frames have occurred - I'll stop bothering you about them!
14.4923 	WARNING 	Couldn't measure a consistent frame rate.
  - Is your graphics card set to sync to vertical blank?
  - Are you running other processes on your computer?

15.8649 	EXP 	Created starttext = TextStim(__class__=<class 'psychopy.visual.text.TextStim'>, alignHoriz=method-wrapper(...), alignText='center', alignVert=method-wrapper(...), anchorHoriz='center', anchorVert='center', antialias=True, autoLog=True, bold=False, color=array([1., 1., 1.]), colorSpace='rgb', contrast=1.0, depth=0.0, flipHoriz=False, flipVert=False, font='Open Sans', fontFiles=[], height=0.1, italic=False, languageStyle='LTR', name='starttext', opacity=1, ori=0.0, pos=array([0., 0.]), rgb=UNKNOWN, text=str(...), units='height', win=Window(...), wrapWidth=1)
15.8707 	EXP 	Created russellsQuad = ImageStim(__class__=<class 'psychopy.visual.image.ImageStim'>, autoLog=True, color=array([1., 1., 1.]), colorSpace='rgb', contrast=1.0, depth=-1.0, flipHoriz=False, flipVert=False, image='sin', interpolate=True, mask=None, maskParams=None, name='russellsQuad', opacity=1, ori=0.0, pos=array([0., 0.]), size=array([0.9, 0.9]), texRes=128.0, units='height', win=Window(...))
16.0740 	EXP 	Sound music set volume 1.000
16.0743 	EXP 	window1: mouseVisible = True
16.0805 	EXP 	Created fixCross = TextStim(__class__=<class 'psychopy.visual.text.TextStim'>, alignHoriz=method-wrapper(...), alignText='center', alignVert=method-wrapper(...), anchorHoriz='center', anchorVert='center', antialias=True, autoLog=True, bold=False, color=array([1., 1., 1.]), colorSpace='rgb', contrast=1.0, depth=0.0, flipHoriz=False, flipVert=False, font='Open Sans', fontFiles=[], height=0.1, italic=False, languageStyle='LTR', name='fixCross', opacity=1, ori=0.0, pos=array([0., 0.]), rgb=UNKNOWN, text='+', units='height', win=Window(...), wrapWidth=1)
16.0868 	EXP 	Created goodbyetext = TextStim(__class__=<class 'psychopy.visual.text.TextStim'>, alignHoriz=method-wrapper(...), alignText='center', alignVert=method-wrapper(...), anchorHoriz='center', anchorVert='center', antialias=True, autoLog=True, bold=False, color=array([1., 1., 1.]), colorSpace='rgb', contrast=1.0, depth=0.0, flipHoriz=False, flipVert=False, font='Open Sans', fontFiles=[], height=0.1, italic=False, languageStyle='LTR', name='goodbyetext', opacity=1, ori=0.0, pos=array([0., 0.]), rgb=UNKNOWN, text='Terminado.', units='height', win=Window(...), wrapWidth=1)
16.0958 	DATA 	Mouse: Left button down, pos=(559,645)
16.0968 	DATA 	Mouse:  Left button up, pos=(559,645)
16.1121 	EXP 	starttext: autoDraw = True
18.1002 	EXP 	Created sequence: random, trialTypes=1, nReps=24, seed=None
18.1011 	EXP 	New trial (rep=0, index=0): None
19.1192 	EXP 	starttext: autoDraw = False
19.1192 	EXP 	russellsQuad: image = 'Russells-emotion-model.jpg'
19.1192 	EXP 	russellsQuad: autoDraw = True
20.8821 	DATA 	Mouse: Left button down, pos=(580,855)
20.8839 	DATA 	[-0.24761905  0.31428571]
20.9039 	EXP 	russellsQuad: autoDraw = False
20.9039 	EXP 	fixCross: autoDraw = True
20.9829 	DATA 	Mouse:  Left button up, pos=(580,855)
22.8970 	EXP 	New trial (rep=1, index=0): None
23.4216 	EXP 	fixCross: autoDraw = False
23.4216 	EXP 	russellsQuad: image = 'Russells-emotion-model.jpg'
23.4216 	EXP 	russellsQuad: autoDraw = True
25.2520 	DATA 	Mouse: Left button down, pos=(1016,313)
25.2528 	DATA 	[ 0.16761905 -0.20190476]
25.2706 	EXP 	russellsQuad: autoDraw = False
25.2706 	EXP 	fixCross: autoDraw = True
25.2776 	DATA 	Mouse:  Left button up, pos=(1016,313)
27.2606 	EXP 	New trial (rep=2, index=0): None
27.7120 	EXP 	fixCross: autoDraw = False
27.7120 	EXP 	fixCross: autoDraw = False
27.7120 	EXP 	russellsQuad: image = 'Russells-emotion-model.jpg'
27.7120 	EXP 	russellsQuad: autoDraw = True
31.1308 	DATA 	Mouse: Left button down, pos=(1016,312)
31.1322 	DATA 	[ 0.16761905 -0.20285714]
31.1544 	EXP 	russellsQuad: autoDraw = False
31.1544 	EXP 	fixCross: autoDraw = True
31.2665 	DATA 	Mouse:  Left button up, pos=(1016,312)
33.1484 	EXP 	New trial (rep=3, index=0): None
33.7884 	EXP 	fixCross: autoDraw = False
33.7884 	EXP 	russellsQuad: image = 'Russells-emotion-model.jpg'
33.7884 	EXP 	russellsQuad: autoDraw = True
36.3116 	DATA 	Mouse: Left button down, pos=(557,439)
36.3125 	DATA 	[-0.26952381 -0.08190476]
36.3328 	EXP 	russellsQuad: autoDraw = False
36.3328 	EXP 	fixCross: autoDraw = True
36.4265 	DATA 	Mouse:  Left button up, pos=(557,439)
38.3316 	EXP 	New trial (rep=4, index=0): None
38.9102 	EXP 	fixCross: autoDraw = False
38.9102 	EXP 	russellsQuad: image = 'Russells-emotion-model.jpg'
38.9102 	EXP 	russellsQuad: autoDraw = True
42.1897 	DATA 	Mouse: Left button down, pos=(1071,758)
42.1906 	DATA 	[0.22       0.22190476]
42.2124 	EXP 	russellsQuad: autoDraw = False
42.2124 	EXP 	fixCross: autoDraw = True
42.3276 	DATA 	Mouse:  Left button up, pos=(1071,758)
44.2019 	EXP 	New trial (rep=5, index=0): None
44.9239 	EXP 	fixCross: autoDraw = False
44.9239 	EXP 	russellsQuad: image = 'Russells-emotion-model.jpg'
44.9239 	EXP 	russellsQuad: autoDraw = True
48.2142 	DATA 	Mouse: Left button down, pos=(958,305)
48.2159 	DATA 	[ 0.11333333 -0.20952381]
48.2339 	EXP 	russellsQuad: autoDraw = False
48.2339 	EXP 	fixCross: autoDraw = True
48.3698 	DATA 	Mouse:  Left button up, pos=(959,305)
50.2247 	EXP 	New trial (rep=6, index=0): None
50.8379 	EXP 	fixCross: autoDraw = False
50.8379 	EXP 	fixCross: autoDraw = False
50.8379 	EXP 	russellsQuad: image = 'Russells-emotion-model.jpg'
50.8379 	EXP 	russellsQuad: autoDraw = True
52.9680 	DATA 	Mouse: Left button down, pos=(1026,357)
52.9689 	DATA 	[ 0.17714286 -0.16      ]
52.9866 	EXP 	russellsQuad: autoDraw = False
52.9866 	EXP 	fixCross: autoDraw = True
53.0807 	DATA 	Mouse:  Left button up, pos=(1026,357)
54.9815 	EXP 	New trial (rep=7, index=0): None
55.5426 	EXP 	fixCross: autoDraw = False
55.5426 	EXP 	russellsQuad: image = 'Russells-emotion-model.jpg'
55.5426 	EXP 	russellsQuad: autoDraw = True
60.7207 	DATA 	Mouse: Left button down, pos=(708,409)
60.7222 	DATA 	[-0.12571429 -0.11047619]
60.7432 	EXP 	russellsQuad: autoDraw = False
60.7432 	EXP 	fixCross: autoDraw = True
60.8639 	DATA 	Mouse:  Left button up, pos=(708,409)
62.7336 	EXP 	New trial (rep=8, index=0): None
63.2977 	EXP 	fixCross: autoDraw = False
63.2977 	EXP 	russellsQuad: image = 'Russells-emotion-model.jpg'
63.2977 	EXP 	russellsQuad: autoDraw = True
66.3285 	DATA 	Mouse: Left button down, pos=(1065,403)
66.3294 	DATA 	[ 0.21428571 -0.11619048]
66.3485 	EXP 	russellsQuad: autoDraw = False
66.3485 	EXP 	fixCross: autoDraw = True
66.4493 	DATA 	Mouse:  Left button up, pos=(1065,403)
68.3515 	EXP 	New trial (rep=9, index=0): None
68.8579 	EXP 	fixCross: autoDraw = False
68.8579 	EXP 	russellsQuad: image = 'Russells-emotion-model.jpg'
68.8579 	EXP 	russellsQuad: autoDraw = True
71.1644 	DATA 	Mouse: Left button down, pos=(1080,395)
71.1664 	DATA 	[ 0.22857143 -0.12380952]
71.1855 	EXP 	russellsQuad: autoDraw = False
71.1855 	EXP 	fixCross: autoDraw = True
71.3391 	DATA 	Mouse:  Left button up, pos=(1080,395)
73.1848 	EXP 	New trial (rep=10, index=0): None
73.7570 	EXP 	fixCross: autoDraw = False
73.7570 	EXP 	russellsQuad: image = 'Russells-emotion-model.jpg'
73.7570 	EXP 	russellsQuad: autoDraw = True
75.8551 	DATA 	Mouse: Left button down, pos=(1076,392)
75.8563 	DATA 	[ 0.2247619  -0.12666667]
75.8759 	EXP 	russellsQuad: autoDraw = False
75.8759 	EXP 	fixCross: autoDraw = True
75.9776 	DATA 	Mouse:  Left button up, pos=(1076,392)
77.8768 	EXP 	New trial (rep=11, index=0): None
78.3918 	EXP 	fixCross: autoDraw = False
78.3918 	EXP 	russellsQuad: image = 'Russells-emotion-model.jpg'
78.3918 	EXP 	russellsQuad: autoDraw = True
80.7886 	DATA 	Mouse: Left button down, pos=(1060,673)
80.7904 	DATA 	[0.20952381 0.14095238]
80.8112 	EXP 	russellsQuad: autoDraw = False
80.8112 	EXP 	fixCross: autoDraw = True
80.9516 	DATA 	Mouse:  Left button up, pos=(1060,673)
82.8117 	EXP 	New trial (rep=12, index=0): None
83.3622 	EXP 	fixCross: autoDraw = False
83.3622 	EXP 	russellsQuad: image = 'Russells-emotion-model.jpg'
83.3622 	EXP 	russellsQuad: autoDraw = True
89.1632 	DATA 	Mouse: Left button down, pos=(1067,685)
89.1850 	DATA 	[0.21619048 0.15333333]
89.2050 	EXP 	russellsQuad: autoDraw = False
89.2050 	EXP 	fixCross: autoDraw = True
89.3764 	DATA 	Mouse:  Left button up, pos=(1067,686)
91.1971 	EXP 	New trial (rep=13, index=0): None
91.7567 	EXP 	fixCross: autoDraw = False
91.7567 	EXP 	russellsQuad: image = 'Russells-emotion-model.jpg'
91.7567 	EXP 	russellsQuad: autoDraw = True
94.3679 	DATA 	Mouse: Left button down, pos=(1090,266)
94.3692 	DATA 	[ 0.23809524 -0.24666667]
94.3909 	EXP 	russellsQuad: autoDraw = False
94.3909 	EXP 	fixCross: autoDraw = True
94.5550 	DATA 	Mouse:  Left button up, pos=(1090,266)
96.3883 	EXP 	New trial (rep=14, index=0): None
96.8872 	EXP 	fixCross: autoDraw = False
96.8872 	EXP 	russellsQuad: image = 'Russells-emotion-model.jpg'
96.8872 	EXP 	russellsQuad: autoDraw = True
99.0525 	DATA 	Mouse: Left button down, pos=(1088,809)
99.0536 	DATA 	[0.23619048 0.27047619]
99.0725 	EXP 	russellsQuad: autoDraw = False
99.0725 	EXP 	fixCross: autoDraw = True
99.2820 	DATA 	Mouse:  Left button up, pos=(1088,809)
101.0606 	EXP 	New trial (rep=15, index=0): None
101.6430 	EXP 	fixCross: autoDraw = False
101.6430 	EXP 	fixCross: autoDraw = False
101.6430 	EXP 	russellsQuad: image = 'Russells-emotion-model.jpg'
101.6430 	EXP 	russellsQuad: autoDraw = True
104.0440 	DATA 	Mouse: Left button down, pos=(556,857)
104.0664 	DATA 	[-0.27047619  0.31714286]
104.0852 	EXP 	russellsQuad: autoDraw = False
104.0852 	EXP 	fixCross: autoDraw = True
104.2609 	DATA 	Mouse:  Left button up, pos=(556,858)
106.0823 	EXP 	New trial (rep=16, index=0): None
106.6132 	EXP 	fixCross: autoDraw = False
106.6132 	EXP 	russellsQuad: image = 'Russells-emotion-model.jpg'
106.6132 	EXP 	russellsQuad: autoDraw = True
109.5039 	DATA 	Mouse: Left button down, pos=(1080,344)
109.5051 	DATA 	[ 0.22857143 -0.17238095]
109.5253 	EXP 	russellsQuad: autoDraw = False
109.5253 	EXP 	fixCross: autoDraw = True
109.6760 	DATA 	Mouse:  Left button up, pos=(1080,344)
111.5192 	EXP 	New trial (rep=17, index=0): None
112.0853 	EXP 	fixCross: autoDraw = False
112.0853 	EXP 	russellsQuad: image = 'Russells-emotion-model.jpg'
112.0853 	EXP 	russellsQuad: autoDraw = True
113.6185 	DATA 	Mouse: Left button down, pos=(1080,344)
113.6194 	DATA 	[ 0.22857143 -0.17238095]
113.6370 	EXP 	russellsQuad: autoDraw = False
113.6370 	EXP 	fixCross: autoDraw = True
113.7476 	DATA 	Mouse:  Left button up, pos=(1080,344)
115.6337 	EXP 	New trial (rep=18, index=0): None
116.1350 	EXP 	fixCross: autoDraw = False
116.1350 	EXP 	russellsQuad: image = 'Russells-emotion-model.jpg'
116.1350 	EXP 	russellsQuad: autoDraw = True
121.9883 	DATA 	Mouse: Left button down, pos=(862,520)
121.9899 	DATA 	[ 0.02095238 -0.0047619 ]
122.0113 	EXP 	russellsQuad: autoDraw = False
122.0113 	EXP 	fixCross: autoDraw = True
122.1527 	DATA 	Mouse:  Left button up, pos=(862,520)
124.0004 	EXP 	New trial (rep=19, index=0): None
124.5591 	EXP 	fixCross: autoDraw = False
124.5591 	EXP 	fixCross: autoDraw = False
124.5591 	EXP 	russellsQuad: image = 'Russells-emotion-model.jpg'
124.5591 	EXP 	russellsQuad: autoDraw = True
127.0939 	DATA 	Mouse: Left button down, pos=(566,866)
127.1151 	DATA 	[-0.26095238  0.3247619 ]
127.1337 	EXP 	russellsQuad: autoDraw = False
127.1337 	EXP 	fixCross: autoDraw = True
127.2518 	DATA 	Mouse:  Left button up, pos=(566,866)
129.1229 	EXP 	New trial (rep=20, index=0): None
129.6198 	EXP 	fixCross: autoDraw = False
129.6198 	EXP 	fixCross: autoDraw = False
129.6198 	EXP 	russellsQuad: image = 'Russells-emotion-model.jpg'
129.6198 	EXP 	russellsQuad: autoDraw = True
133.8937 	DATA 	Mouse: Left button down, pos=(985,736)
133.8951 	DATA 	[0.13809524 0.20095238]
133.9154 	EXP 	russellsQuad: autoDraw = False
133.9154 	EXP 	fixCross: autoDraw = True
134.0670 	DATA 	Mouse:  Left button up, pos=(985,736)
135.9177 	EXP 	New trial (rep=21, index=0): None
136.5696 	EXP 	fixCross: autoDraw = False
136.5696 	EXP 	russellsQuad: image = 'Russells-emotion-model.jpg'
136.5696 	EXP 	russellsQuad: autoDraw = True
141.4788 	DATA 	Mouse: Left button down, pos=(1023,348)
141.4800 	DATA 	[ 0.17428571 -0.16857143]
141.5039 	EXP 	russellsQuad: autoDraw = False
141.5039 	EXP 	fixCross: autoDraw = True
141.6261 	DATA 	Mouse:  Left button up, pos=(1023,348)
143.5085 	EXP 	New trial (rep=22, index=0): None
144.0911 	EXP 	fixCross: autoDraw = False
144.0911 	EXP 	russellsQuad: image = 'Russells-emotion-model.jpg'
144.0911 	EXP 	russellsQuad: autoDraw = True
147.2538 	DATA 	Mouse: Left button down, pos=(1042,304)
147.2558 	DATA 	[ 0.19333333 -0.21142857]
147.2744 	EXP 	russellsQuad: autoDraw = False
147.2744 	EXP 	fixCross: autoDraw = True
147.3927 	DATA 	Mouse:  Left button up, pos=(1043,303)
149.2674 	EXP 	New trial (rep=23, index=0): None
149.7789 	EXP 	fixCross: autoDraw = False
149.7789 	EXP 	russellsQuad: image = 'Russells-emotion-model.jpg'
149.7789 	EXP 	russellsQuad: autoDraw = True
154.1639 	DATA 	Mouse: Left button down, pos=(568,304)
154.1651 	DATA 	[-0.25904762 -0.21047619]
154.1865 	EXP 	russellsQuad: autoDraw = False
154.1865 	EXP 	fixCross: autoDraw = True
154.3766 	DATA 	Mouse:  Left button up, pos=(568,304)
156.1906 	EXP 	fixCross: autoDraw = False
156.1906 	EXP 	goodbyetext: autoDraw = True
158.1945 	EXP 	goodbyetext: autoDraw = False
158.7795 	EXP 	window1: mouseVisible = True
